[debug] [2020-12-03T05:17:37.079Z] ----------------------------------------------------------------------
[debug] [2020-12-03T05:17:37.082Z] Command:       C:\Program Files\nodejs\node.exe C:\Users\sabbi\AppData\Roaming\npm\node_modules\firebase-tools\lib\bin\firebase.js emulators:start
[debug] [2020-12-03T05:17:37.083Z] CLI Version:   8.17.0
[debug] [2020-12-03T05:17:37.083Z] Platform:      win32
[debug] [2020-12-03T05:17:37.083Z] Node Version:  v14.15.0
[debug] [2020-12-03T05:17:37.084Z] Time:          Thu Dec 03 2020 11:17:37 GMT+0600 (Bangladesh Standard Time)
[debug] [2020-12-03T05:17:37.084Z] ----------------------------------------------------------------------
[debug] [2020-12-03T05:17:37.085Z] 
[debug] [2020-12-03T05:17:37.087Z] >>> [apiv2][query] GET https://firebase-public.firebaseio.com/cli.json [none]
[debug] [2020-12-03T05:17:37.115Z] > command requires scopes: ["email","openid","https://www.googleapis.com/auth/cloudplatformprojects.readonly","https://www.googleapis.com/auth/firebase","https://www.googleapis.com/auth/cloud-platform"]
[debug] [2020-12-03T05:17:37.275Z] FirebaseError: Failed to authenticate, have you run firebase login?
[warn] !  emulators: You are not currently authenticated so some features may not work correctly. Please run firebase login to authenticate the CLI. 
[info] i  emulators: Starting emulators: functions, hosting {"metadata":{"emulator":{"name":"hub"},"message":"Starting emulators: functions, hosting"}}
[debug] [2020-12-03T05:17:37.290Z] [hub] writing locator at C:\Users\sabbi\AppData\Local\Temp\hub-br-bookaholic.json
[warn] !  functions: The following emulators are not running, calls to these services from the Functions emulator will affect production: auth, firestore, database, pubsub {"metadata":{"emulator":{"name":"functions"},"message":"The following emulators are not running, calls to these services from the Functions emulator will affect production: \u001b[1mauth, firestore, database, pubsub\u001b[22m"}}
[warn] !  Your requested "node" version "10" doesn't match your global version "14" {"metadata":{"emulator":{"name":"functions"},"message":"Your requested \"node\" version \"10\" doesn't match your global version \"14\""}}
[debug] [2020-12-03T05:17:37.426Z] defaultcredentials: no credential available.
[warn] !  functions: You are not signed in to the Firebase CLI. If you have authorized this machine using gcloud application-default credentials those may be discovered and used to access production services. {"metadata":{"emulator":{"name":"functions"},"message":"You are not signed in to the Firebase CLI. If you have authorized this machine using gcloud application-default credentials those may be discovered and used to access production services."}}
[debug] [2020-12-03T05:17:37.476Z] > refreshing access token with scopes: ["email","openid","https://www.googleapis.com/auth/cloudplatformprojects.readonly","https://www.googleapis.com/auth/firebase","https://www.googleapis.com/auth/cloud-platform"]
[debug] [2020-12-03T05:17:37.476Z] >>> HTTP REQUEST POST https://www.googleapis.com/oauth2/v3/token  
 <request body omitted>
[debug] [2020-12-03T05:17:37.791Z] <<< HTTP RESPONSE 400 {"date":"Thu, 03 Dec 2020 05:17:38 GMT","pragma":"no-cache","expires":"Mon, 01 Jan 1990 00:00:00 GMT","cache-control":"no-cache, no-store, max-age=0, must-revalidate","content-type":"application/json; charset=utf-8","vary":"X-Origin, Referer, Origin,Accept-Encoding","server":"scaffolding on HTTPServer2","x-xss-protection":"0","x-frame-options":"SAMEORIGIN","x-content-type-options":"nosniff","alt-svc":"h3-29=\":443\"; ma=2592000,h3-T051=\":443\"; ma=2592000,h3-Q050=\":443\"; ma=2592000,h3-Q046=\":443\"; ma=2592000,h3-Q043=\":443\"; ma=2592000,quic=\":443\"; ma=2592000; v=\"46,43\"","accept-ranges":"none","transfer-encoding":"chunked"}
[debug] [2020-12-03T05:17:37.793Z] >>> HTTP REQUEST GET https://firebase.googleapis.com/v1beta1/projects/br-bookaholic/webApps/-/config  
 
[debug] [2020-12-03T05:17:38.096Z] <<< HTTP RESPONSE 401 {"www-authenticate":"Bearer realm=\"https://accounts.google.com/\", error=\"invalid_token\"","vary":"X-Origin, Referer, Origin,Accept-Encoding","content-type":"application/json; charset=UTF-8","date":"Thu, 03 Dec 2020 05:17:38 GMT","server":"ESF","cache-control":"private","x-xss-protection":"0","x-frame-options":"SAMEORIGIN","x-content-type-options":"nosniff","alt-svc":"h3-29=\":443\"; ma=2592000,h3-T051=\":443\"; ma=2592000,h3-Q050=\":443\"; ma=2592000,h3-Q046=\":443\"; ma=2592000,h3-Q043=\":443\"; ma=2592000,quic=\":443\"; ma=2592000; v=\"46,43\"","accept-ranges":"none","transfer-encoding":"chunked"}
[debug] [2020-12-03T05:17:38.097Z] <<< HTTP RESPONSE BODY {"error":{"code":401,"message":"Request had invalid authentication credentials. Expected OAuth 2 access token, login cookie or other valid authentication credential. See https://developers.google.com/identity/sign-in/web/devconsole-project.","status":"UNAUTHENTICATED"}}
[debug] [2020-12-03T05:17:38.101Z] fetchWebSetup error: FirebaseError: HTTP Error: 401, Request had invalid authentication credentials. Expected OAuth 2 access token, login cookie or other valid authentication credential. See https://developers.google.com/identity/sign-in/web/devconsole-project.
[warn] !  hosting: Could not fetch web app configuration and there is no cached configuration on this machine. Check your internet connection and make sure you are authenticated. To continue, you must call firebase.initializeApp({...}) in your code before using Firebase. 
[info] i  hosting: Serving hosting files from: build {"metadata":{"emulator":{"name":"hosting"},"message":"Serving hosting files from: \u001b[1mbuild\u001b[22m"}}
[info] +  hosting: Local server: http://localhost:5000 {"metadata":{"emulator":{"name":"hosting"},"message":"Local server: \u001b[4m\u001b[1mhttp://localhost:5000\u001b[22m\u001b[24m"}}
[info] i  ui: downloading ui-v1.3.0.zip... {"metadata":{"emulator":{"name":"ui"},"message":"downloading ui-v1.3.0.zip..."}}
[debug] [2020-12-03T05:17:38.200Z] >>> [apiv2][query] GET https://storage.googleapis.com/firebase-preview-drop/emulator/ui-v1.3.0.zip [none]
[debug] [2020-12-03T05:17:38.462Z] <<< [apiv2][status] GET https://firebase-public.firebaseio.com/cli.json 200
[debug] [2020-12-03T05:17:38.463Z] <<< [apiv2][body] GET https://firebase-public.firebaseio.com/cli.json {"cloudBuildErrorAfter":1594252800000,"cloudBuildWarnAfter":1590019200000,"defaultNode10After":1594252800000,"minVersion":"3.0.5","node8DeploysDisabledAfter":1613390400000,"node8RuntimeDisabledAfter":1615809600000,"node8WarnAfter":1600128000000}
[debug] [2020-12-03T05:17:40.584Z] <<< [apiv2][status] GET https://storage.googleapis.com/firebase-preview-drop/emulator/ui-v1.3.0.zip 200
[debug] [2020-12-03T05:17:40.584Z] <<< [apiv2][body] GET https://storage.googleapis.com/firebase-preview-drop/emulator/ui-v1.3.0.zip [stream]
[debug] [2020-12-03T05:17:42.914Z] Ignoring unsupported arg: auto_download {"metadata":{"emulator":{"name":"ui"},"message":"Ignoring unsupported arg: auto_download"}}
[debug] [2020-12-03T05:17:42.915Z] Ignoring unsupported arg: port {"metadata":{"emulator":{"name":"ui"},"message":"Ignoring unsupported arg: port"}}
[debug] [2020-12-03T05:17:42.915Z] Starting Emulator UI with command {"binary":"node","args":["C:\\Users\\sabbi\\.cache\\firebase\\emulators\\ui-v1.3.0\\server.bundle.js"],"optionalArgs":[],"joinArgs":false} {"metadata":{"emulator":{"name":"ui"},"message":"Starting Emulator UI with command {\"binary\":\"node\",\"args\":[\"C:\\\\Users\\\\sabbi\\\\.cache\\\\firebase\\\\emulators\\\\ui-v1.3.0\\\\server.bundle.js\"],\"optionalArgs\":[],\"joinArgs\":false}"}}
[info] i  ui: Emulator UI logging to ui-debug.log {"metadata":{"emulator":{"name":"ui"},"message":"Emulator UI logging to \u001b[1mui-debug.log\u001b[22m"}}
[debug] [2020-12-03T05:17:43.062Z] Web / API server started at http://localhost:4000
 {"metadata":{"emulator":{"name":"ui"},"message":"Web / API server started at http://localhost:4000\n"}}
[info] i  functions: Watching "C:\Users\sabbi\OneDrive\Desktop\Be-Bookaholic\functions" for Cloud Functions... {"metadata":{"emulator":{"name":"functions"},"message":"Watching \"C:\\Users\\sabbi\\OneDrive\\Desktop\\Be-Bookaholic\\functions\" for Cloud Functions..."}}
[debug] [2020-12-03T05:17:43.263Z] [worker-pool] addWorker(~diagnostic~) {"metadata":{"emulator":{"name":"functions"},"message":"[worker-pool] addWorker(~diagnostic~)"}}
[debug] [2020-12-03T05:17:43.264Z] [worker-pool] Adding worker with key ~diagnostic~, total=1 {"metadata":{"emulator":{"name":"functions"},"message":"[worker-pool] Adding worker with key ~diagnostic~, total=1"}}
[debug] [2020-12-03T05:17:43.264Z] [worker-pool] submitWork(triggerId=) {"metadata":{"emulator":{"name":"functions"},"message":"[worker-pool] submitWork(triggerId=)"}}
[debug] [2020-12-03T05:17:43.265Z] [worker-~diagnostic~-26e14b57-bb7c-4017-92ec-319fc9fd952e]: Assigning socketPath: \\?\pipe\C:\Users\sabbi\OneDrive\Desktop\Be-Bookaholic\functions\4004 {"metadata":{"emulator":{"name":"functions"},"message":"[worker-~diagnostic~-26e14b57-bb7c-4017-92ec-319fc9fd952e]: Assigning socketPath: \\\\?\\pipe\\C:\\Users\\sabbi\\OneDrive\\Desktop\\Be-Bookaholic\\functions\\4004"}}
[debug] [2020-12-03T05:17:43.267Z] [worker-~diagnostic~-26e14b57-bb7c-4017-92ec-319fc9fd952e]: BUSY {"metadata":{"emulator":{"name":"functions"},"message":"[worker-~diagnostic~-26e14b57-bb7c-4017-92ec-319fc9fd952e]: BUSY"}}
[debug] [2020-12-03T05:17:43.616Z] [runtime-status] [4004] Functions runtime initialized. {"cwd":"C:\\Users\\sabbi\\OneDrive\\Desktop\\Be-Bookaholic\\functions","node_version":"14.15.0"} {"metadata":{"emulator":{"name":"functions"},"message":"[runtime-status] [4004] Functions runtime initialized. {\"cwd\":\"C:\\\\Users\\\\sabbi\\\\OneDrive\\\\Desktop\\\\Be-Bookaholic\\\\functions\",\"node_version\":\"14.15.0\"}"}}
[debug] [2020-12-03T05:17:43.618Z] [runtime-status] [4004] Disabled runtime features: undefined {"metadata":{"emulator":{"name":"functions"},"message":"[runtime-status] [4004] Disabled runtime features: undefined"}}
[debug] [2020-12-03T05:17:43.622Z] [runtime-status] [4004] Resolved module firebase-admin {"declared":true,"installed":true,"version":"8.13.0","resolution":"C:\\Users\\sabbi\\OneDrive\\Desktop\\Be-Bookaholic\\functions\\node_modules\\firebase-admin\\lib\\index.js"} {"metadata":{"emulator":{"name":"functions"},"message":"[runtime-status] [4004] Resolved module firebase-admin {\"declared\":true,\"installed\":true,\"version\":\"8.13.0\",\"resolution\":\"C:\\\\Users\\\\sabbi\\\\OneDrive\\\\Desktop\\\\Be-Bookaholic\\\\functions\\\\node_modules\\\\firebase-admin\\\\lib\\\\index.js\"}"}}
[debug] [2020-12-03T05:17:43.624Z] [runtime-status] [4004] Resolved module firebase-functions {"declared":true,"installed":true,"version":"3.12.0","resolution":"C:\\Users\\sabbi\\OneDrive\\Desktop\\Be-Bookaholic\\functions\\node_modules\\firebase-functions\\lib\\index.js"} {"metadata":{"emulator":{"name":"functions"},"message":"[runtime-status] [4004] Resolved module firebase-functions {\"declared\":true,\"installed\":true,\"version\":\"3.12.0\",\"resolution\":\"C:\\\\Users\\\\sabbi\\\\OneDrive\\\\Desktop\\\\Be-Bookaholic\\\\functions\\\\node_modules\\\\firebase-functions\\\\lib\\\\index.js\"}"}}
[debug] [2020-12-03T05:17:43.625Z] [runtime-status] [4004] Resolved module firebase-functions {"declared":true,"installed":true,"version":"3.12.0","resolution":"C:\\Users\\sabbi\\OneDrive\\Desktop\\Be-Bookaholic\\functions\\node_modules\\firebase-functions\\lib\\index.js"} {"metadata":{"emulator":{"name":"functions"},"message":"[runtime-status] [4004] Resolved module firebase-functions {\"declared\":true,\"installed\":true,\"version\":\"3.12.0\",\"resolution\":\"C:\\\\Users\\\\sabbi\\\\OneDrive\\\\Desktop\\\\Be-Bookaholic\\\\functions\\\\node_modules\\\\firebase-functions\\\\lib\\\\index.js\"}"}}
[debug] [2020-12-03T05:17:43.627Z] [runtime-status] [4004] Outgoing network have been stubbed. [{"name":"http","status":"mocked"},{"name":"http","status":"mocked"},{"name":"https","status":"mocked"},{"name":"https","status":"mocked"},{"name":"net","status":"mocked"}] {"metadata":{"emulator":{"name":"functions"},"message":"[runtime-status] [4004] Outgoing network have been stubbed. [{\"name\":\"http\",\"status\":\"mocked\"},{\"name\":\"http\",\"status\":\"mocked\"},{\"name\":\"https\",\"status\":\"mocked\"},{\"name\":\"https\",\"status\":\"mocked\"},{\"name\":\"net\",\"status\":\"mocked\"}]"}}
[debug] [2020-12-03T05:17:43.628Z] [runtime-status] [4004] Resolved module firebase-functions {"declared":true,"installed":true,"version":"3.12.0","resolution":"C:\\Users\\sabbi\\OneDrive\\Desktop\\Be-Bookaholic\\functions\\node_modules\\firebase-functions\\lib\\index.js"} {"metadata":{"emulator":{"name":"functions"},"message":"[runtime-status] [4004] Resolved module firebase-functions {\"declared\":true,\"installed\":true,\"version\":\"3.12.0\",\"resolution\":\"C:\\\\Users\\\\sabbi\\\\OneDrive\\\\Desktop\\\\Be-Bookaholic\\\\functions\\\\node_modules\\\\firebase-functions\\\\lib\\\\index.js\"}"}}
[debug] [2020-12-03T05:17:43.951Z] [runtime-status] [4004] Checked functions.config() {"config":{}} {"metadata":{"emulator":{"name":"functions"},"message":"[runtime-status] [4004] Checked functions.config() {\"config\":{}}"}}
[debug] [2020-12-03T05:17:43.952Z] [runtime-status] [4004] firebase-functions has been stubbed. {"functionsResolution":{"declared":true,"installed":true,"version":"3.12.0","resolution":"C:\\Users\\sabbi\\OneDrive\\Desktop\\Be-Bookaholic\\functions\\node_modules\\firebase-functions\\lib\\index.js"}} {"metadata":{"emulator":{"name":"functions"},"message":"[runtime-status] [4004] firebase-functions has been stubbed. {\"functionsResolution\":{\"declared\":true,\"installed\":true,\"version\":\"3.12.0\",\"resolution\":\"C:\\\\Users\\\\sabbi\\\\OneDrive\\\\Desktop\\\\Be-Bookaholic\\\\functions\\\\node_modules\\\\firebase-functions\\\\lib\\\\index.js\"}}"}}
[debug] [2020-12-03T05:17:43.953Z] [runtime-status] [4004] Resolved module firebase-functions {"declared":true,"installed":true,"version":"3.12.0","resolution":"C:\\Users\\sabbi\\OneDrive\\Desktop\\Be-Bookaholic\\functions\\node_modules\\firebase-functions\\lib\\index.js"} {"metadata":{"emulator":{"name":"functions"},"message":"[runtime-status] [4004] Resolved module firebase-functions {\"declared\":true,\"installed\":true,\"version\":\"3.12.0\",\"resolution\":\"C:\\\\Users\\\\sabbi\\\\OneDrive\\\\Desktop\\\\Be-Bookaholic\\\\functions\\\\node_modules\\\\firebase-functions\\\\lib\\\\index.js\"}"}}
[debug] [2020-12-03T05:17:43.955Z] [runtime-status] [4004] Resolved module firebase-admin {"declared":true,"installed":true,"version":"8.13.0","resolution":"C:\\Users\\sabbi\\OneDrive\\Desktop\\Be-Bookaholic\\functions\\node_modules\\firebase-admin\\lib\\index.js"} {"metadata":{"emulator":{"name":"functions"},"message":"[runtime-status] [4004] Resolved module firebase-admin {\"declared\":true,\"installed\":true,\"version\":\"8.13.0\",\"resolution\":\"C:\\\\Users\\\\sabbi\\\\OneDrive\\\\Desktop\\\\Be-Bookaholic\\\\functions\\\\node_modules\\\\firebase-admin\\\\lib\\\\index.js\"}"}}
[debug] [2020-12-03T05:17:43.956Z] [runtime-status] [4004] Resolved module firebase-functions {"declared":true,"installed":true,"version":"3.12.0","resolution":"C:\\Users\\sabbi\\OneDrive\\Desktop\\Be-Bookaholic\\functions\\node_modules\\firebase-functions\\lib\\index.js"} {"metadata":{"emulator":{"name":"functions"},"message":"[runtime-status] [4004] Resolved module firebase-functions {\"declared\":true,\"installed\":true,\"version\":\"3.12.0\",\"resolution\":\"C:\\\\Users\\\\sabbi\\\\OneDrive\\\\Desktop\\\\Be-Bookaholic\\\\functions\\\\node_modules\\\\firebase-functions\\\\lib\\\\index.js\"}"}}
[debug] [2020-12-03T05:17:43.956Z] [runtime-status] [4004] firebase-admin has been stubbed. {"adminResolution":{"declared":true,"installed":true,"version":"8.13.0","resolution":"C:\\Users\\sabbi\\OneDrive\\Desktop\\Be-Bookaholic\\functions\\node_modules\\firebase-admin\\lib\\index.js"}} {"metadata":{"emulator":{"name":"functions"},"message":"[runtime-status] [4004] firebase-admin has been stubbed. {\"adminResolution\":{\"declared\":true,\"installed\":true,\"version\":\"8.13.0\",\"resolution\":\"C:\\\\Users\\\\sabbi\\\\OneDrive\\\\Desktop\\\\Be-Bookaholic\\\\functions\\\\node_modules\\\\firebase-admin\\\\lib\\\\index.js\"}}"}}
[info] +  functions[api]: http function initialized (http://localhost:5001/br-bookaholic/us-central1/api). {"metadata":{"emulator":{"name":"functions"},"message":"\u001b[1mhttp\u001b[22m function initialized (http://localhost:5001/br-bookaholic/us-central1/api)."}}
[info] 
┌────────────────────────────────────────────────────────────────┐
│ ✔  All emulators ready! View status and logs at localhost:4000 │
└────────────────────────────────────────────────────────────────┘

┌───────────┬────────────────┬──────────────────────────┐
│ Emulator  │ Host:Port      │ View in Emulator UI      │
├───────────┼────────────────┼──────────────────────────┤
│ Functions │ localhost:5001 │ localhost:4000/functions │
├───────────┼────────────────┼──────────────────────────┤
│ Hosting   │ localhost:5000 │ n/a                      │
└───────────┴────────────────┴──────────────────────────┘
  Other reserved ports: 4400, 4500

Issues? Report them at https://github.com/firebase/firebase-tools/issues and attach the *-debug.log files.
 
[debug] [2020-12-03T05:17:44.506Z] [worker-~diagnostic~-26e14b57-bb7c-4017-92ec-319fc9fd952e]: IDLE {"metadata":{"emulator":{"name":"functions"},"message":"[worker-~diagnostic~-26e14b57-bb7c-4017-92ec-319fc9fd952e]: IDLE"}}
[debug] [2020-12-03T05:18:26.530Z] [work-queue] {"queueLength":1,"workRunningCount":0}
[debug] [2020-12-03T05:18:26.531Z] [work-queue] {"queueLength":0,"workRunningCount":1}
[debug] [2020-12-03T05:18:26.531Z] Accepted request POST /br-bookaholic/us-central1/api/payments/create?total=76800 --> api
[debug] [2020-12-03T05:18:26.539Z] [worker-pool] addWorker(api) {"metadata":{"emulator":{"name":"functions"},"message":"[worker-pool] addWorker(api)"}}
[debug] [2020-12-03T05:18:26.539Z] [worker-pool] Adding worker with key api, total=1 {"metadata":{"emulator":{"name":"functions"},"message":"[worker-pool] Adding worker with key api, total=1"}}
[debug] [2020-12-03T05:18:26.539Z] [worker-pool] submitWork(triggerId=api) {"metadata":{"emulator":{"name":"functions"},"message":"[worker-pool] submitWork(triggerId=api)"}}
[debug] [2020-12-03T05:18:26.540Z] [worker-api-4168d53d-25f0-4a84-abe1-5af09ee3cc95]: Assigning socketPath: \\?\pipe\C:\Users\sabbi\OneDrive\Desktop\Be-Bookaholic\functions\9440 {"metadata":{"emulator":{"name":"functions"},"message":"[worker-api-4168d53d-25f0-4a84-abe1-5af09ee3cc95]: Assigning socketPath: \\\\?\\pipe\\C:\\Users\\sabbi\\OneDrive\\Desktop\\Be-Bookaholic\\functions\\9440"}}
[debug] [2020-12-03T05:18:26.540Z] [worker-api-4168d53d-25f0-4a84-abe1-5af09ee3cc95]: BUSY {"metadata":{"emulator":{"name":"functions"},"message":"[worker-api-4168d53d-25f0-4a84-abe1-5af09ee3cc95]: BUSY"}}
[debug] [2020-12-03T05:18:26.904Z] [runtime-status] [9440] Functions runtime initialized. {"cwd":"C:\\Users\\sabbi\\OneDrive\\Desktop\\Be-Bookaholic\\functions","node_version":"14.15.0"} {"metadata":{"emulator":{"name":"functions"},"function":{"name":"api"},"message":"[runtime-status] [9440] Functions runtime initialized. {\"cwd\":\"C:\\\\Users\\\\sabbi\\\\OneDrive\\\\Desktop\\\\Be-Bookaholic\\\\functions\",\"node_version\":\"14.15.0\"}"}}
[debug] [2020-12-03T05:18:26.908Z] [runtime-status] [9440] Disabled runtime features: undefined {"metadata":{"emulator":{"name":"functions"},"function":{"name":"api"},"message":"[runtime-status] [9440] Disabled runtime features: undefined"}}
[debug] [2020-12-03T05:18:26.911Z] [runtime-status] [9440] Resolved module firebase-admin {"declared":true,"installed":true,"version":"8.13.0","resolution":"C:\\Users\\sabbi\\OneDrive\\Desktop\\Be-Bookaholic\\functions\\node_modules\\firebase-admin\\lib\\index.js"} {"metadata":{"emulator":{"name":"functions"},"function":{"name":"api"},"message":"[runtime-status] [9440] Resolved module firebase-admin {\"declared\":true,\"installed\":true,\"version\":\"8.13.0\",\"resolution\":\"C:\\\\Users\\\\sabbi\\\\OneDrive\\\\Desktop\\\\Be-Bookaholic\\\\functions\\\\node_modules\\\\firebase-admin\\\\lib\\\\index.js\"}"}}
[debug] [2020-12-03T05:18:26.914Z] [runtime-status] [9440] Resolved module firebase-functions {"declared":true,"installed":true,"version":"3.12.0","resolution":"C:\\Users\\sabbi\\OneDrive\\Desktop\\Be-Bookaholic\\functions\\node_modules\\firebase-functions\\lib\\index.js"} {"metadata":{"emulator":{"name":"functions"},"function":{"name":"api"},"message":"[runtime-status] [9440] Resolved module firebase-functions {\"declared\":true,\"installed\":true,\"version\":\"3.12.0\",\"resolution\":\"C:\\\\Users\\\\sabbi\\\\OneDrive\\\\Desktop\\\\Be-Bookaholic\\\\functions\\\\node_modules\\\\firebase-functions\\\\lib\\\\index.js\"}"}}
[debug] [2020-12-03T05:18:26.917Z] [runtime-status] [9440] Resolved module firebase-functions {"declared":true,"installed":true,"version":"3.12.0","resolution":"C:\\Users\\sabbi\\OneDrive\\Desktop\\Be-Bookaholic\\functions\\node_modules\\firebase-functions\\lib\\index.js"} {"metadata":{"emulator":{"name":"functions"},"function":{"name":"api"},"message":"[runtime-status] [9440] Resolved module firebase-functions {\"declared\":true,\"installed\":true,\"version\":\"3.12.0\",\"resolution\":\"C:\\\\Users\\\\sabbi\\\\OneDrive\\\\Desktop\\\\Be-Bookaholic\\\\functions\\\\node_modules\\\\firebase-functions\\\\lib\\\\index.js\"}"}}
[debug] [2020-12-03T05:18:26.918Z] [runtime-status] [9440] Outgoing network have been stubbed. [{"name":"http","status":"mocked"},{"name":"http","status":"mocked"},{"name":"https","status":"mocked"},{"name":"https","status":"mocked"},{"name":"net","status":"mocked"}] {"metadata":{"emulator":{"name":"functions"},"function":{"name":"api"},"message":"[runtime-status] [9440] Outgoing network have been stubbed. [{\"name\":\"http\",\"status\":\"mocked\"},{\"name\":\"http\",\"status\":\"mocked\"},{\"name\":\"https\",\"status\":\"mocked\"},{\"name\":\"https\",\"status\":\"mocked\"},{\"name\":\"net\",\"status\":\"mocked\"}]"}}
[debug] [2020-12-03T05:18:26.919Z] [runtime-status] [9440] Resolved module firebase-functions {"declared":true,"installed":true,"version":"3.12.0","resolution":"C:\\Users\\sabbi\\OneDrive\\Desktop\\Be-Bookaholic\\functions\\node_modules\\firebase-functions\\lib\\index.js"} {"metadata":{"emulator":{"name":"functions"},"function":{"name":"api"},"message":"[runtime-status] [9440] Resolved module firebase-functions {\"declared\":true,\"installed\":true,\"version\":\"3.12.0\",\"resolution\":\"C:\\\\Users\\\\sabbi\\\\OneDrive\\\\Desktop\\\\Be-Bookaholic\\\\functions\\\\node_modules\\\\firebase-functions\\\\lib\\\\index.js\"}"}}
[debug] [2020-12-03T05:18:26.975Z] [runtime-status] [9440] Checked functions.config() {"config":{}} {"metadata":{"emulator":{"name":"functions"},"function":{"name":"api"},"message":"[runtime-status] [9440] Checked functions.config() {\"config\":{}}"}}
[debug] [2020-12-03T05:18:26.975Z] [runtime-status] [9440] firebase-functions has been stubbed. {"functionsResolution":{"declared":true,"installed":true,"version":"3.12.0","resolution":"C:\\Users\\sabbi\\OneDrive\\Desktop\\Be-Bookaholic\\functions\\node_modules\\firebase-functions\\lib\\index.js"}} {"metadata":{"emulator":{"name":"functions"},"function":{"name":"api"},"message":"[runtime-status] [9440] firebase-functions has been stubbed. {\"functionsResolution\":{\"declared\":true,\"installed\":true,\"version\":\"3.12.0\",\"resolution\":\"C:\\\\Users\\\\sabbi\\\\OneDrive\\\\Desktop\\\\Be-Bookaholic\\\\functions\\\\node_modules\\\\firebase-functions\\\\lib\\\\index.js\"}}"}}
[debug] [2020-12-03T05:18:26.975Z] [runtime-status] [9440] Resolved module firebase-functions {"declared":true,"installed":true,"version":"3.12.0","resolution":"C:\\Users\\sabbi\\OneDrive\\Desktop\\Be-Bookaholic\\functions\\node_modules\\firebase-functions\\lib\\index.js"} {"metadata":{"emulator":{"name":"functions"},"function":{"name":"api"},"message":"[runtime-status] [9440] Resolved module firebase-functions {\"declared\":true,\"installed\":true,\"version\":\"3.12.0\",\"resolution\":\"C:\\\\Users\\\\sabbi\\\\OneDrive\\\\Desktop\\\\Be-Bookaholic\\\\functions\\\\node_modules\\\\firebase-functions\\\\lib\\\\index.js\"}"}}
[debug] [2020-12-03T05:18:26.977Z] [runtime-status] [9440] Resolved module firebase-admin {"declared":true,"installed":true,"version":"8.13.0","resolution":"C:\\Users\\sabbi\\OneDrive\\Desktop\\Be-Bookaholic\\functions\\node_modules\\firebase-admin\\lib\\index.js"} {"metadata":{"emulator":{"name":"functions"},"function":{"name":"api"},"message":"[runtime-status] [9440] Resolved module firebase-admin {\"declared\":true,\"installed\":true,\"version\":\"8.13.0\",\"resolution\":\"C:\\\\Users\\\\sabbi\\\\OneDrive\\\\Desktop\\\\Be-Bookaholic\\\\functions\\\\node_modules\\\\firebase-admin\\\\lib\\\\index.js\"}"}}
[debug] [2020-12-03T05:18:26.977Z] [runtime-status] [9440] Resolved module firebase-functions {"declared":true,"installed":true,"version":"3.12.0","resolution":"C:\\Users\\sabbi\\OneDrive\\Desktop\\Be-Bookaholic\\functions\\node_modules\\firebase-functions\\lib\\index.js"} {"metadata":{"emulator":{"name":"functions"},"function":{"name":"api"},"message":"[runtime-status] [9440] Resolved module firebase-functions {\"declared\":true,\"installed\":true,\"version\":\"3.12.0\",\"resolution\":\"C:\\\\Users\\\\sabbi\\\\OneDrive\\\\Desktop\\\\Be-Bookaholic\\\\functions\\\\node_modules\\\\firebase-functions\\\\lib\\\\index.js\"}"}}
[debug] [2020-12-03T05:18:26.978Z] [runtime-status] [9440] firebase-admin has been stubbed. {"adminResolution":{"declared":true,"installed":true,"version":"8.13.0","resolution":"C:\\Users\\sabbi\\OneDrive\\Desktop\\Be-Bookaholic\\functions\\node_modules\\firebase-admin\\lib\\index.js"}} {"metadata":{"emulator":{"name":"functions"},"function":{"name":"api"},"message":"[runtime-status] [9440] firebase-admin has been stubbed. {\"adminResolution\":{\"declared\":true,\"installed\":true,\"version\":\"8.13.0\",\"resolution\":\"C:\\\\Users\\\\sabbi\\\\OneDrive\\\\Desktop\\\\Be-Bookaholic\\\\functions\\\\node_modules\\\\firebase-admin\\\\lib\\\\index.js\"}}"}}
[debug] [2020-12-03T05:18:27.172Z] [runtime-status] [9440] Trigger "api" has been found, beginning invocation! {"metadata":{"emulator":{"name":"functions"},"function":{"name":"api"},"message":"[runtime-status] [9440] Trigger \"api\" has been found, beginning invocation!"}}
[info] i  functions: Beginning execution of "api" {"metadata":{"emulator":{"name":"functions"},"function":{"name":"api"},"message":"Beginning execution of \"api\""}}
[debug] [2020-12-03T05:18:27.174Z] [runtime-status] [9440] triggerDefinition {"httpsTrigger":{},"name":"api","entryPoint":"api"} {"metadata":{"emulator":{"name":"functions"},"function":{"name":"api"},"message":"[runtime-status] [9440] triggerDefinition {\"httpsTrigger\":{},\"name\":\"api\",\"entryPoint\":\"api\"}"}}
[debug] [2020-12-03T05:18:27.174Z] [runtime-status] [9440] Running api in mode HTTPS {"metadata":{"emulator":{"name":"functions"},"function":{"name":"api"},"message":"[runtime-status] [9440] Running api in mode HTTPS"}}
[debug] [2020-12-03T05:18:27.177Z] [runtime-status] [9440] Attempting to listen to socketPath: \\?\pipe\C:\Users\sabbi\OneDrive\Desktop\Be-Bookaholic\functions\9440 {"metadata":{"emulator":{"name":"functions"},"function":{"name":"api"},"message":"[runtime-status] [9440] Attempting to listen to socketPath: \\\\?\\pipe\\C:\\Users\\sabbi\\OneDrive\\Desktop\\Be-Bookaholic\\functions\\9440"}}
[debug] [2020-12-03T05:18:27.181Z] [functions] Runtime ready! Sending request! {"metadata":{"emulator":{"name":"functions"},"message":"[functions] Runtime ready! Sending request!"}}
[debug] [2020-12-03T05:18:27.194Z] [runtime-status] [9440] Ephemeral server handling POST request {"metadata":{"emulator":{"name":"functions"},"function":{"name":"api"},"message":"[runtime-status] [9440] Ephemeral server handling POST request"}}
[info] >  Payment request recieved  76800 {"user":"Payment request recieved  76800","metadata":{"emulator":{"name":"functions"},"function":{"name":"api"},"message":"\u001b[90m> \u001b[39m Payment request recieved  76800"}}
[debug] [2020-12-03T05:18:27.208Z] [runtime-status] [9440] Ephemeral server survived. {"metadata":{"emulator":{"name":"functions"},"function":{"name":"api"},"message":"[runtime-status] [9440] Ephemeral server survived."}}
[info] i  functions: Finished "api" in ~1s {"metadata":{"emulator":{"name":"functions"},"function":{"name":"api"},"message":"Finished \"api\" in ~1s"}}
[debug] [2020-12-03T05:18:28.073Z] [worker-api-4168d53d-25f0-4a84-abe1-5af09ee3cc95]: IDLE {"metadata":{"emulator":{"name":"functions"},"message":"[worker-api-4168d53d-25f0-4a84-abe1-5af09ee3cc95]: IDLE"}}
[debug] [2020-12-03T05:18:28.074Z] [work-queue] {"queueLength":0,"workRunningCount":0}
[debug] [2020-12-03T05:19:31.504Z] [work-queue] {"queueLength":1,"workRunningCount":0}
[debug] [2020-12-03T05:19:31.506Z] [work-queue] {"queueLength":0,"workRunningCount":1}
[debug] [2020-12-03T05:19:31.507Z] Accepted request POST /br-bookaholic/us-central1/api/payments/create?total=127059.99999999999 --> api
[debug] [2020-12-03T05:19:31.508Z] [worker-pool] submitWork(triggerId=api) {"metadata":{"emulator":{"name":"functions"},"message":"[worker-pool] submitWork(triggerId=api)"}}
[debug] [2020-12-03T05:19:31.509Z] [worker-api-4168d53d-25f0-4a84-abe1-5af09ee3cc95]: Assigning socketPath: \\?\pipe\C:\Users\sabbi\OneDrive\Desktop\Be-Bookaholic\functions\9440 {"metadata":{"emulator":{"name":"functions"},"message":"[worker-api-4168d53d-25f0-4a84-abe1-5af09ee3cc95]: Assigning socketPath: \\\\?\\pipe\\C:\\Users\\sabbi\\OneDrive\\Desktop\\Be-Bookaholic\\functions\\9440"}}
[debug] [2020-12-03T05:19:31.510Z] [worker-api-4168d53d-25f0-4a84-abe1-5af09ee3cc95]: BUSY {"metadata":{"emulator":{"name":"functions"},"message":"[worker-api-4168d53d-25f0-4a84-abe1-5af09ee3cc95]: BUSY"}}
[debug] [2020-12-03T05:19:31.513Z] [runtime-status] [9440] Trigger "api" has been found, beginning invocation! {"metadata":{"emulator":{"name":"functions"},"function":{"name":"api"},"message":"[runtime-status] [9440] Trigger \"api\" has been found, beginning invocation!"}}
[info] i  functions: Beginning execution of "api" {"metadata":{"emulator":{"name":"functions"},"function":{"name":"api"},"message":"Beginning execution of \"api\""}}
[debug] [2020-12-03T05:19:31.545Z] [runtime-status] [9440] triggerDefinition {"httpsTrigger":{},"name":"api","entryPoint":"api"} {"metadata":{"emulator":{"name":"functions"},"function":{"name":"api"},"message":"[runtime-status] [9440] triggerDefinition {\"httpsTrigger\":{},\"name\":\"api\",\"entryPoint\":\"api\"}"}}
[debug] [2020-12-03T05:19:31.546Z] [runtime-status] [9440] Running api in mode HTTPS {"metadata":{"emulator":{"name":"functions"},"function":{"name":"api"},"message":"[runtime-status] [9440] Running api in mode HTTPS"}}
[debug] [2020-12-03T05:19:31.548Z] [runtime-status] [9440] Attempting to listen to socketPath: \\?\pipe\C:\Users\sabbi\OneDrive\Desktop\Be-Bookaholic\functions\9440 {"metadata":{"emulator":{"name":"functions"},"function":{"name":"api"},"message":"[runtime-status] [9440] Attempting to listen to socketPath: \\\\?\\pipe\\C:\\Users\\sabbi\\OneDrive\\Desktop\\Be-Bookaholic\\functions\\9440"}}
[debug] [2020-12-03T05:19:31.550Z] [functions] Runtime ready! Sending request! {"metadata":{"emulator":{"name":"functions"},"message":"[functions] Runtime ready! Sending request!"}}
[debug] [2020-12-03T05:19:31.559Z] [runtime-status] [9440] Ephemeral server handling POST request {"metadata":{"emulator":{"name":"functions"},"function":{"name":"api"},"message":"[runtime-status] [9440] Ephemeral server handling POST request"}}
[info] >  Payment request recieved  127059.99999999999 {"user":"Payment request recieved  127059.99999999999","metadata":{"emulator":{"name":"functions"},"function":{"name":"api"},"message":"\u001b[90m> \u001b[39m Payment request recieved  127059.99999999999"}}
[debug] [2020-12-03T05:19:31.567Z] [runtime-status] [9440] Ephemeral server survived. {"metadata":{"emulator":{"name":"functions"},"function":{"name":"api"},"message":"[runtime-status] [9440] Ephemeral server survived."}}
[info] >  (node:9440) UnhandledPromiseRejectionWarning: Error: Invalid integer: 127059.99999999999 {"user":"(node:9440) UnhandledPromiseRejectionWarning: Error: Invalid integer: 127059.99999999999","metadata":{"emulator":{"name":"functions"},"function":{"name":"api"},"message":"\u001b[90m> \u001b[39m (node:9440) UnhandledPromiseRejectionWarning: Error: Invalid integer: 127059.99999999999"}}
[info] >      at Function.generate (C:\Users\sabbi\OneDrive\Desktop\Be-Bookaholic\functions\node_modules\stripe\lib\Error.js:40:16) {"user":"    at Function.generate (C:\\Users\\sabbi\\OneDrive\\Desktop\\Be-Bookaholic\\functions\\node_modules\\stripe\\lib\\Error.js:40:16)","metadata":{"emulator":{"name":"functions"},"function":{"name":"api"},"message":"\u001b[90m> \u001b[39m     at Function.generate (C:\\Users\\sabbi\\OneDrive\\Desktop\\Be-Bookaholic\\functions\\node_modules\\stripe\\lib\\Error.js:40:16)"}}
[info] >      at IncomingMessage.<anonymous> (C:\Users\sabbi\OneDrive\Desktop\Be-Bookaholic\functions\node_modules\stripe\lib\StripeResource.js:190:33) {"user":"    at IncomingMessage.<anonymous> (C:\\Users\\sabbi\\OneDrive\\Desktop\\Be-Bookaholic\\functions\\node_modules\\stripe\\lib\\StripeResource.js:190:33)","metadata":{"emulator":{"name":"functions"},"function":{"name":"api"},"message":"\u001b[90m> \u001b[39m     at IncomingMessage.<anonymous> (C:\\Users\\sabbi\\OneDrive\\Desktop\\Be-Bookaholic\\functions\\node_modules\\stripe\\lib\\StripeResource.js:190:33)"}}
[info] >      at Object.onceWrapper (events.js:421:28) {"user":"    at Object.onceWrapper (events.js:421:28)","metadata":{"emulator":{"name":"functions"},"function":{"name":"api"},"message":"\u001b[90m> \u001b[39m     at Object.onceWrapper (events.js:421:28)"}}
[info] >      at IncomingMessage.emit (events.js:327:22) {"user":"    at IncomingMessage.emit (events.js:327:22)","metadata":{"emulator":{"name":"functions"},"function":{"name":"api"},"message":"\u001b[90m> \u001b[39m     at IncomingMessage.emit (events.js:327:22)"}}
[info] >      at endReadableNT (_stream_readable.js:1327:12) {"user":"    at endReadableNT (_stream_readable.js:1327:12)","metadata":{"emulator":{"name":"functions"},"function":{"name":"api"},"message":"\u001b[90m> \u001b[39m     at endReadableNT (_stream_readable.js:1327:12)"}}
[info] >      at processTicksAndRejections (internal/process/task_queues.js:80:21) {"user":"    at processTicksAndRejections (internal/process/task_queues.js:80:21)","metadata":{"emulator":{"name":"functions"},"function":{"name":"api"},"message":"\u001b[90m> \u001b[39m     at processTicksAndRejections (internal/process/task_queues.js:80:21)"}}
[info] >  (Use `node --trace-warnings ...` to show where the warning was created) {"user":"(Use `node --trace-warnings ...` to show where the warning was created)","metadata":{"emulator":{"name":"functions"},"function":{"name":"api"},"message":"\u001b[90m> \u001b[39m (Use `node --trace-warnings ...` to show where the warning was created)"}}
[info] >  (node:9440) UnhandledPromiseRejectionWarning: Unhandled promise rejection. This error originated either by throwing inside of an async function without a catch block, or by rejecting a promise which was not handled with .catch(). To terminate the node process on unhandled promise rejection, use the CLI flag `--unhandled-rejections=strict` (see https://nodejs.org/api/cli.html#cli_unhandled_rejections_mode). (rejection id: 1) {"user":"(node:9440) UnhandledPromiseRejectionWarning: Unhandled promise rejection. This error originated either by throwing inside of an async function without a catch block, or by rejecting a promise which was not handled with .catch(). To terminate the node process on unhandled promise rejection, use the CLI flag `--unhandled-rejections=strict` (see https://nodejs.org/api/cli.html#cli_unhandled_rejections_mode). (rejection id: 1)","metadata":{"emulator":{"name":"functions"},"function":{"name":"api"},"message":"\u001b[90m> \u001b[39m (node:9440) UnhandledPromiseRejectionWarning: Unhandled promise rejection. This error originated either by throwing inside of an async function without a catch block, or by rejecting a promise which was not handled with .catch(). To terminate the node process on unhandled promise rejection, use the CLI flag `--unhandled-rejections=strict` (see https://nodejs.org/api/cli.html#cli_unhandled_rejections_mode). (rejection id: 1)"}}
[info] >  (node:9440) [DEP0018] DeprecationWarning: Unhandled promise rejections are deprecated. In the future, promise rejections that are not handled will terminate the Node.js process with a non-zero exit code. {"user":"(node:9440) [DEP0018] DeprecationWarning: Unhandled promise rejections are deprecated. In the future, promise rejections that are not handled will terminate the Node.js process with a non-zero exit code.","metadata":{"emulator":{"name":"functions"},"function":{"name":"api"},"message":"\u001b[90m> \u001b[39m (node:9440) [DEP0018] DeprecationWarning: Unhandled promise rejections are deprecated. In the future, promise rejections that are not handled will terminate the Node.js process with a non-zero exit code."}}
[debug] [2020-12-03T05:20:08.823Z] [work-queue] {"queueLength":1,"workRunningCount":1}
[debug] [2020-12-03T05:20:08.823Z] [work-queue] {"queueLength":0,"workRunningCount":2}
[debug] [2020-12-03T05:20:08.824Z] Accepted request POST /br-bookaholic/us-central1/api/payments/create?total=5000 --> api
[debug] [2020-12-03T05:20:08.831Z] [worker-pool] addWorker(api) {"metadata":{"emulator":{"name":"functions"},"message":"[worker-pool] addWorker(api)"}}
[debug] [2020-12-03T05:20:08.831Z] [worker-pool] Adding worker with key api, total=2 {"metadata":{"emulator":{"name":"functions"},"message":"[worker-pool] Adding worker with key api, total=2"}}
[debug] [2020-12-03T05:20:08.831Z] [worker-pool] submitWork(triggerId=api) {"metadata":{"emulator":{"name":"functions"},"message":"[worker-pool] submitWork(triggerId=api)"}}
[debug] [2020-12-03T05:20:08.832Z] [worker-api-0e85fb52-f92e-4493-bce3-90979c388a58]: Assigning socketPath: \\?\pipe\C:\Users\sabbi\OneDrive\Desktop\Be-Bookaholic\functions\10080 {"metadata":{"emulator":{"name":"functions"},"message":"[worker-api-0e85fb52-f92e-4493-bce3-90979c388a58]: Assigning socketPath: \\\\?\\pipe\\C:\\Users\\sabbi\\OneDrive\\Desktop\\Be-Bookaholic\\functions\\10080"}}
[debug] [2020-12-03T05:20:08.832Z] [worker-api-0e85fb52-f92e-4493-bce3-90979c388a58]: BUSY {"metadata":{"emulator":{"name":"functions"},"message":"[worker-api-0e85fb52-f92e-4493-bce3-90979c388a58]: BUSY"}}
[debug] [2020-12-03T05:20:09.331Z] [runtime-status] [10080] Functions runtime initialized. {"cwd":"C:\\Users\\sabbi\\OneDrive\\Desktop\\Be-Bookaholic\\functions","node_version":"14.15.0"} {"metadata":{"emulator":{"name":"functions"},"function":{"name":"api"},"message":"[runtime-status] [10080] Functions runtime initialized. {\"cwd\":\"C:\\\\Users\\\\sabbi\\\\OneDrive\\\\Desktop\\\\Be-Bookaholic\\\\functions\",\"node_version\":\"14.15.0\"}"}}
[debug] [2020-12-03T05:20:09.334Z] [runtime-status] [10080] Disabled runtime features: undefined {"metadata":{"emulator":{"name":"functions"},"function":{"name":"api"},"message":"[runtime-status] [10080] Disabled runtime features: undefined"}}
[debug] [2020-12-03T05:20:09.339Z] [runtime-status] [10080] Resolved module firebase-admin {"declared":true,"installed":true,"version":"8.13.0","resolution":"C:\\Users\\sabbi\\OneDrive\\Desktop\\Be-Bookaholic\\functions\\node_modules\\firebase-admin\\lib\\index.js"} {"metadata":{"emulator":{"name":"functions"},"function":{"name":"api"},"message":"[runtime-status] [10080] Resolved module firebase-admin {\"declared\":true,\"installed\":true,\"version\":\"8.13.0\",\"resolution\":\"C:\\\\Users\\\\sabbi\\\\OneDrive\\\\Desktop\\\\Be-Bookaholic\\\\functions\\\\node_modules\\\\firebase-admin\\\\lib\\\\index.js\"}"}}
[debug] [2020-12-03T05:20:09.341Z] [runtime-status] [10080] Resolved module firebase-functions {"declared":true,"installed":true,"version":"3.12.0","resolution":"C:\\Users\\sabbi\\OneDrive\\Desktop\\Be-Bookaholic\\functions\\node_modules\\firebase-functions\\lib\\index.js"} {"metadata":{"emulator":{"name":"functions"},"function":{"name":"api"},"message":"[runtime-status] [10080] Resolved module firebase-functions {\"declared\":true,\"installed\":true,\"version\":\"3.12.0\",\"resolution\":\"C:\\\\Users\\\\sabbi\\\\OneDrive\\\\Desktop\\\\Be-Bookaholic\\\\functions\\\\node_modules\\\\firebase-functions\\\\lib\\\\index.js\"}"}}
[debug] [2020-12-03T05:20:09.343Z] [runtime-status] [10080] Resolved module firebase-functions {"declared":true,"installed":true,"version":"3.12.0","resolution":"C:\\Users\\sabbi\\OneDrive\\Desktop\\Be-Bookaholic\\functions\\node_modules\\firebase-functions\\lib\\index.js"} {"metadata":{"emulator":{"name":"functions"},"function":{"name":"api"},"message":"[runtime-status] [10080] Resolved module firebase-functions {\"declared\":true,\"installed\":true,\"version\":\"3.12.0\",\"resolution\":\"C:\\\\Users\\\\sabbi\\\\OneDrive\\\\Desktop\\\\Be-Bookaholic\\\\functions\\\\node_modules\\\\firebase-functions\\\\lib\\\\index.js\"}"}}
[debug] [2020-12-03T05:20:09.345Z] [runtime-status] [10080] Outgoing network have been stubbed. [{"name":"http","status":"mocked"},{"name":"http","status":"mocked"},{"name":"https","status":"mocked"},{"name":"https","status":"mocked"},{"name":"net","status":"mocked"}] {"metadata":{"emulator":{"name":"functions"},"function":{"name":"api"},"message":"[runtime-status] [10080] Outgoing network have been stubbed. [{\"name\":\"http\",\"status\":\"mocked\"},{\"name\":\"http\",\"status\":\"mocked\"},{\"name\":\"https\",\"status\":\"mocked\"},{\"name\":\"https\",\"status\":\"mocked\"},{\"name\":\"net\",\"status\":\"mocked\"}]"}}
[debug] [2020-12-03T05:20:09.345Z] [runtime-status] [10080] Resolved module firebase-functions {"declared":true,"installed":true,"version":"3.12.0","resolution":"C:\\Users\\sabbi\\OneDrive\\Desktop\\Be-Bookaholic\\functions\\node_modules\\firebase-functions\\lib\\index.js"} {"metadata":{"emulator":{"name":"functions"},"function":{"name":"api"},"message":"[runtime-status] [10080] Resolved module firebase-functions {\"declared\":true,\"installed\":true,\"version\":\"3.12.0\",\"resolution\":\"C:\\\\Users\\\\sabbi\\\\OneDrive\\\\Desktop\\\\Be-Bookaholic\\\\functions\\\\node_modules\\\\firebase-functions\\\\lib\\\\index.js\"}"}}
[debug] [2020-12-03T05:20:09.399Z] [runtime-status] [10080] Checked functions.config() {"config":{}} {"metadata":{"emulator":{"name":"functions"},"function":{"name":"api"},"message":"[runtime-status] [10080] Checked functions.config() {\"config\":{}}"}}
[debug] [2020-12-03T05:20:09.399Z] [runtime-status] [10080] firebase-functions has been stubbed. {"functionsResolution":{"declared":true,"installed":true,"version":"3.12.0","resolution":"C:\\Users\\sabbi\\OneDrive\\Desktop\\Be-Bookaholic\\functions\\node_modules\\firebase-functions\\lib\\index.js"}} {"metadata":{"emulator":{"name":"functions"},"function":{"name":"api"},"message":"[runtime-status] [10080] firebase-functions has been stubbed. {\"functionsResolution\":{\"declared\":true,\"installed\":true,\"version\":\"3.12.0\",\"resolution\":\"C:\\\\Users\\\\sabbi\\\\OneDrive\\\\Desktop\\\\Be-Bookaholic\\\\functions\\\\node_modules\\\\firebase-functions\\\\lib\\\\index.js\"}}"}}
[debug] [2020-12-03T05:20:09.400Z] [runtime-status] [10080] Resolved module firebase-functions {"declared":true,"installed":true,"version":"3.12.0","resolution":"C:\\Users\\sabbi\\OneDrive\\Desktop\\Be-Bookaholic\\functions\\node_modules\\firebase-functions\\lib\\index.js"} {"metadata":{"emulator":{"name":"functions"},"function":{"name":"api"},"message":"[runtime-status] [10080] Resolved module firebase-functions {\"declared\":true,\"installed\":true,\"version\":\"3.12.0\",\"resolution\":\"C:\\\\Users\\\\sabbi\\\\OneDrive\\\\Desktop\\\\Be-Bookaholic\\\\functions\\\\node_modules\\\\firebase-functions\\\\lib\\\\index.js\"}"}}
[debug] [2020-12-03T05:20:09.402Z] [runtime-status] [10080] Resolved module firebase-admin {"declared":true,"installed":true,"version":"8.13.0","resolution":"C:\\Users\\sabbi\\OneDrive\\Desktop\\Be-Bookaholic\\functions\\node_modules\\firebase-admin\\lib\\index.js"} {"metadata":{"emulator":{"name":"functions"},"function":{"name":"api"},"message":"[runtime-status] [10080] Resolved module firebase-admin {\"declared\":true,\"installed\":true,\"version\":\"8.13.0\",\"resolution\":\"C:\\\\Users\\\\sabbi\\\\OneDrive\\\\Desktop\\\\Be-Bookaholic\\\\functions\\\\node_modules\\\\firebase-admin\\\\lib\\\\index.js\"}"}}
[debug] [2020-12-03T05:20:09.403Z] [runtime-status] [10080] Resolved module firebase-functions {"declared":true,"installed":true,"version":"3.12.0","resolution":"C:\\Users\\sabbi\\OneDrive\\Desktop\\Be-Bookaholic\\functions\\node_modules\\firebase-functions\\lib\\index.js"} {"metadata":{"emulator":{"name":"functions"},"function":{"name":"api"},"message":"[runtime-status] [10080] Resolved module firebase-functions {\"declared\":true,\"installed\":true,\"version\":\"3.12.0\",\"resolution\":\"C:\\\\Users\\\\sabbi\\\\OneDrive\\\\Desktop\\\\Be-Bookaholic\\\\functions\\\\node_modules\\\\firebase-functions\\\\lib\\\\index.js\"}"}}
[debug] [2020-12-03T05:20:09.404Z] [runtime-status] [10080] firebase-admin has been stubbed. {"adminResolution":{"declared":true,"installed":true,"version":"8.13.0","resolution":"C:\\Users\\sabbi\\OneDrive\\Desktop\\Be-Bookaholic\\functions\\node_modules\\firebase-admin\\lib\\index.js"}} {"metadata":{"emulator":{"name":"functions"},"function":{"name":"api"},"message":"[runtime-status] [10080] firebase-admin has been stubbed. {\"adminResolution\":{\"declared\":true,\"installed\":true,\"version\":\"8.13.0\",\"resolution\":\"C:\\\\Users\\\\sabbi\\\\OneDrive\\\\Desktop\\\\Be-Bookaholic\\\\functions\\\\node_modules\\\\firebase-admin\\\\lib\\\\index.js\"}}"}}
[debug] [2020-12-03T05:20:09.634Z] [runtime-status] [10080] Trigger "api" has been found, beginning invocation! {"metadata":{"emulator":{"name":"functions"},"function":{"name":"api"},"message":"[runtime-status] [10080] Trigger \"api\" has been found, beginning invocation!"}}
[info] i  functions: Beginning execution of "api" {"metadata":{"emulator":{"name":"functions"},"function":{"name":"api"},"message":"Beginning execution of \"api\""}}
[debug] [2020-12-03T05:20:09.636Z] [runtime-status] [10080] triggerDefinition {"httpsTrigger":{},"name":"api","entryPoint":"api"} {"metadata":{"emulator":{"name":"functions"},"function":{"name":"api"},"message":"[runtime-status] [10080] triggerDefinition {\"httpsTrigger\":{},\"name\":\"api\",\"entryPoint\":\"api\"}"}}
[debug] [2020-12-03T05:20:09.637Z] [runtime-status] [10080] Running api in mode HTTPS {"metadata":{"emulator":{"name":"functions"},"function":{"name":"api"},"message":"[runtime-status] [10080] Running api in mode HTTPS"}}
[debug] [2020-12-03T05:20:09.640Z] [runtime-status] [10080] Attempting to listen to socketPath: \\?\pipe\C:\Users\sabbi\OneDrive\Desktop\Be-Bookaholic\functions\10080 {"metadata":{"emulator":{"name":"functions"},"function":{"name":"api"},"message":"[runtime-status] [10080] Attempting to listen to socketPath: \\\\?\\pipe\\C:\\Users\\sabbi\\OneDrive\\Desktop\\Be-Bookaholic\\functions\\10080"}}
[debug] [2020-12-03T05:20:09.644Z] [functions] Runtime ready! Sending request! {"metadata":{"emulator":{"name":"functions"},"message":"[functions] Runtime ready! Sending request!"}}
[debug] [2020-12-03T05:20:09.673Z] [runtime-status] [10080] Ephemeral server handling POST request {"metadata":{"emulator":{"name":"functions"},"function":{"name":"api"},"message":"[runtime-status] [10080] Ephemeral server handling POST request"}}
[info] >  Payment request recieved  5000 {"user":"Payment request recieved  5000","metadata":{"emulator":{"name":"functions"},"function":{"name":"api"},"message":"\u001b[90m> \u001b[39m Payment request recieved  5000"}}
[debug] [2020-12-03T05:20:09.688Z] [runtime-status] [10080] Ephemeral server survived. {"metadata":{"emulator":{"name":"functions"},"function":{"name":"api"},"message":"[runtime-status] [10080] Ephemeral server survived."}}
[info] i  functions: Finished "api" in ~1s {"metadata":{"emulator":{"name":"functions"},"function":{"name":"api"},"message":"Finished \"api\" in ~1s"}}
[debug] [2020-12-03T05:20:10.465Z] [worker-api-0e85fb52-f92e-4493-bce3-90979c388a58]: IDLE {"metadata":{"emulator":{"name":"functions"},"message":"[worker-api-0e85fb52-f92e-4493-bce3-90979c388a58]: IDLE"}}
[debug] [2020-12-03T05:20:10.467Z] [work-queue] {"queueLength":0,"workRunningCount":1}
[warn] !  functions: Your function timed out after ~60s. To configure this timeout, see
      https://firebase.google.com/docs/functions/manage-functions#set_timeout_and_memory_allocation. {"metadata":{"emulator":{"name":"functions"},"function":{"name":"api"},"message":"Your function timed out after ~60s. To configure this timeout, see\n      https://firebase.google.com/docs/functions/manage-functions#set_timeout_and_memory_allocation."}}
[info] >  C:\Users\sabbi\AppData\Roaming\npm\node_modules\firebase-tools\lib\emulator\functionsEmulatorRuntime.js:668 {"user":"C:\\Users\\sabbi\\AppData\\Roaming\\npm\\node_modules\\firebase-tools\\lib\\emulator\\functionsEmulatorRuntime.js:668\r","metadata":{"emulator":{"name":"functions"},"function":{"name":"api"},"message":"\u001b[90m> \u001b[39m C:\\Users\\sabbi\\AppData\\Roaming\\npm\\node_modules\\firebase-tools\\lib\\emulator\\functionsEmulatorRuntime.js:668\r"}}
[info] >                  throw new Error("Function timed out."); {"user":"                throw new Error(\"Function timed out.\");\r","metadata":{"emulator":{"name":"functions"},"function":{"name":"api"},"message":"\u001b[90m> \u001b[39m                 throw new Error(\"Function timed out.\");\r"}}
[info] >                  ^ {"user":"                ^\r","metadata":{"emulator":{"name":"functions"},"function":{"name":"api"},"message":"\u001b[90m> \u001b[39m                 ^\r"}}
[info] >   {"user":"\r","metadata":{"emulator":{"name":"functions"},"function":{"name":"api"},"message":"\u001b[90m> \u001b[39m \r"}}
[info] >  Error: Function timed out. {"user":"Error: Function timed out.\r","metadata":{"emulator":{"name":"functions"},"function":{"name":"api"},"message":"\u001b[90m> \u001b[39m Error: Function timed out.\r"}}
[info] >      at Timeout._onTimeout (C:\Users\sabbi\AppData\Roaming\npm\node_modules\firebase-tools\lib\emulator\functionsEmulatorRuntime.js:668:23) {"user":"    at Timeout._onTimeout (C:\\Users\\sabbi\\AppData\\Roaming\\npm\\node_modules\\firebase-tools\\lib\\emulator\\functionsEmulatorRuntime.js:668:23)\r","metadata":{"emulator":{"name":"functions"},"function":{"name":"api"},"message":"\u001b[90m> \u001b[39m     at Timeout._onTimeout (C:\\Users\\sabbi\\AppData\\Roaming\\npm\\node_modules\\firebase-tools\\lib\\emulator\\functionsEmulatorRuntime.js:668:23)\r"}}
[info] >      at listOnTimeout (internal/timers.js:554:17) {"user":"    at listOnTimeout (internal/timers.js:554:17)\r","metadata":{"emulator":{"name":"functions"},"function":{"name":"api"},"message":"\u001b[90m> \u001b[39m     at listOnTimeout (internal/timers.js:554:17)\r"}}
[info] >      at processTimers (internal/timers.js:497:7) {"user":"    at processTimers (internal/timers.js:497:7)\r","metadata":{"emulator":{"name":"functions"},"function":{"name":"api"},"message":"\u001b[90m> \u001b[39m     at processTimers (internal/timers.js:497:7)\r"}}
[debug] [2020-12-03T05:20:31.661Z] [worker-api-4168d53d-25f0-4a84-abe1-5af09ee3cc95]: exited {"metadata":{"emulator":{"name":"functions"},"message":"[worker-api-4168d53d-25f0-4a84-abe1-5af09ee3cc95]: exited"}}
[debug] [2020-12-03T05:20:31.661Z] [worker-api-4168d53d-25f0-4a84-abe1-5af09ee3cc95]: FINISHED {"metadata":{"emulator":{"name":"functions"},"message":"[worker-api-4168d53d-25f0-4a84-abe1-5af09ee3cc95]: FINISHED"}}
[debug] [2020-12-03T05:20:31.661Z] [work-queue] {"queueLength":0,"workRunningCount":0}
[debug] [2020-12-03T05:20:38.005Z] [work-queue] {"queueLength":1,"workRunningCount":0}
[debug] [2020-12-03T05:20:38.006Z] [work-queue] {"queueLength":0,"workRunningCount":1}
[debug] [2020-12-03T05:20:38.006Z] Accepted request POST /br-bookaholic/us-central1/api/payments/create?total=63300 --> api
[debug] [2020-12-03T05:20:38.006Z] [worker-pool] Cleaned up workers for api: 2 --> 1 {"metadata":{"emulator":{"name":"functions"},"message":"[worker-pool] Cleaned up workers for api: 2 --> 1"}}
[debug] [2020-12-03T05:20:38.007Z] [worker-pool] submitWork(triggerId=api) {"metadata":{"emulator":{"name":"functions"},"message":"[worker-pool] submitWork(triggerId=api)"}}
[debug] [2020-12-03T05:20:38.007Z] [worker-api-0e85fb52-f92e-4493-bce3-90979c388a58]: Assigning socketPath: \\?\pipe\C:\Users\sabbi\OneDrive\Desktop\Be-Bookaholic\functions\10080 {"metadata":{"emulator":{"name":"functions"},"message":"[worker-api-0e85fb52-f92e-4493-bce3-90979c388a58]: Assigning socketPath: \\\\?\\pipe\\C:\\Users\\sabbi\\OneDrive\\Desktop\\Be-Bookaholic\\functions\\10080"}}
[debug] [2020-12-03T05:20:38.007Z] [worker-api-0e85fb52-f92e-4493-bce3-90979c388a58]: BUSY {"metadata":{"emulator":{"name":"functions"},"message":"[worker-api-0e85fb52-f92e-4493-bce3-90979c388a58]: BUSY"}}
[debug] [2020-12-03T05:20:38.008Z] [runtime-status] [10080] Trigger "api" has been found, beginning invocation! {"metadata":{"emulator":{"name":"functions"},"function":{"name":"api"},"message":"[runtime-status] [10080] Trigger \"api\" has been found, beginning invocation!"}}
[info] i  functions: Beginning execution of "api" {"metadata":{"emulator":{"name":"functions"},"function":{"name":"api"},"message":"Beginning execution of \"api\""}}
[debug] [2020-12-03T05:20:38.018Z] [runtime-status] [10080] triggerDefinition {"httpsTrigger":{},"name":"api","entryPoint":"api"} {"metadata":{"emulator":{"name":"functions"},"function":{"name":"api"},"message":"[runtime-status] [10080] triggerDefinition {\"httpsTrigger\":{},\"name\":\"api\",\"entryPoint\":\"api\"}"}}
[debug] [2020-12-03T05:20:38.019Z] [runtime-status] [10080] Running api in mode HTTPS {"metadata":{"emulator":{"name":"functions"},"function":{"name":"api"},"message":"[runtime-status] [10080] Running api in mode HTTPS"}}
[debug] [2020-12-03T05:20:38.020Z] [runtime-status] [10080] Attempting to listen to socketPath: \\?\pipe\C:\Users\sabbi\OneDrive\Desktop\Be-Bookaholic\functions\10080 {"metadata":{"emulator":{"name":"functions"},"function":{"name":"api"},"message":"[runtime-status] [10080] Attempting to listen to socketPath: \\\\?\\pipe\\C:\\Users\\sabbi\\OneDrive\\Desktop\\Be-Bookaholic\\functions\\10080"}}
[debug] [2020-12-03T05:20:38.021Z] [functions] Runtime ready! Sending request! {"metadata":{"emulator":{"name":"functions"},"message":"[functions] Runtime ready! Sending request!"}}
[debug] [2020-12-03T05:20:38.023Z] [runtime-status] [10080] Ephemeral server handling POST request {"metadata":{"emulator":{"name":"functions"},"function":{"name":"api"},"message":"[runtime-status] [10080] Ephemeral server handling POST request"}}
[info] >  Payment request recieved  63300 {"user":"Payment request recieved  63300","metadata":{"emulator":{"name":"functions"},"function":{"name":"api"},"message":"\u001b[90m> \u001b[39m Payment request recieved  63300"}}
[debug] [2020-12-03T05:20:38.033Z] [runtime-status] [10080] Ephemeral server survived. {"metadata":{"emulator":{"name":"functions"},"function":{"name":"api"},"message":"[runtime-status] [10080] Ephemeral server survived."}}
[info] i  functions: Finished "api" in ~1s {"metadata":{"emulator":{"name":"functions"},"function":{"name":"api"},"message":"Finished \"api\" in ~1s"}}
[debug] [2020-12-03T05:20:38.407Z] [worker-api-0e85fb52-f92e-4493-bce3-90979c388a58]: IDLE {"metadata":{"emulator":{"name":"functions"},"message":"[worker-api-0e85fb52-f92e-4493-bce3-90979c388a58]: IDLE"}}
[debug] [2020-12-03T05:20:38.409Z] [work-queue] {"queueLength":0,"workRunningCount":0}
[debug] [2020-12-03T05:21:48.231Z] [work-queue] {"queueLength":1,"workRunningCount":0}
[debug] [2020-12-03T05:21:48.231Z] [work-queue] {"queueLength":0,"workRunningCount":1}
[debug] [2020-12-03T05:21:48.231Z] Accepted request POST /br-bookaholic/us-central1/api/payments/create?total=63300 --> api
[debug] [2020-12-03T05:21:48.231Z] [worker-pool] submitWork(triggerId=api) {"metadata":{"emulator":{"name":"functions"},"message":"[worker-pool] submitWork(triggerId=api)"}}
[debug] [2020-12-03T05:21:48.232Z] [worker-api-0e85fb52-f92e-4493-bce3-90979c388a58]: Assigning socketPath: \\?\pipe\C:\Users\sabbi\OneDrive\Desktop\Be-Bookaholic\functions\10080 {"metadata":{"emulator":{"name":"functions"},"message":"[worker-api-0e85fb52-f92e-4493-bce3-90979c388a58]: Assigning socketPath: \\\\?\\pipe\\C:\\Users\\sabbi\\OneDrive\\Desktop\\Be-Bookaholic\\functions\\10080"}}
[debug] [2020-12-03T05:21:48.232Z] [worker-api-0e85fb52-f92e-4493-bce3-90979c388a58]: BUSY {"metadata":{"emulator":{"name":"functions"},"message":"[worker-api-0e85fb52-f92e-4493-bce3-90979c388a58]: BUSY"}}
[debug] [2020-12-03T05:21:48.233Z] [runtime-status] [10080] Trigger "api" has been found, beginning invocation! {"metadata":{"emulator":{"name":"functions"},"function":{"name":"api"},"message":"[runtime-status] [10080] Trigger \"api\" has been found, beginning invocation!"}}
[info] i  functions: Beginning execution of "api" {"metadata":{"emulator":{"name":"functions"},"function":{"name":"api"},"message":"Beginning execution of \"api\""}}
[debug] [2020-12-03T05:21:48.236Z] [runtime-status] [10080] triggerDefinition {"httpsTrigger":{},"name":"api","entryPoint":"api"} {"metadata":{"emulator":{"name":"functions"},"function":{"name":"api"},"message":"[runtime-status] [10080] triggerDefinition {\"httpsTrigger\":{},\"name\":\"api\",\"entryPoint\":\"api\"}"}}
[debug] [2020-12-03T05:21:48.236Z] [runtime-status] [10080] Running api in mode HTTPS {"metadata":{"emulator":{"name":"functions"},"function":{"name":"api"},"message":"[runtime-status] [10080] Running api in mode HTTPS"}}
[debug] [2020-12-03T05:21:48.237Z] [runtime-status] [10080] Attempting to listen to socketPath: \\?\pipe\C:\Users\sabbi\OneDrive\Desktop\Be-Bookaholic\functions\10080 {"metadata":{"emulator":{"name":"functions"},"function":{"name":"api"},"message":"[runtime-status] [10080] Attempting to listen to socketPath: \\\\?\\pipe\\C:\\Users\\sabbi\\OneDrive\\Desktop\\Be-Bookaholic\\functions\\10080"}}
[debug] [2020-12-03T05:21:48.239Z] [functions] Runtime ready! Sending request! {"metadata":{"emulator":{"name":"functions"},"message":"[functions] Runtime ready! Sending request!"}}
[debug] [2020-12-03T05:21:48.242Z] [runtime-status] [10080] Ephemeral server handling POST request {"metadata":{"emulator":{"name":"functions"},"function":{"name":"api"},"message":"[runtime-status] [10080] Ephemeral server handling POST request"}}
[info] >  Payment request recieved  63300 {"user":"Payment request recieved  63300","metadata":{"emulator":{"name":"functions"},"function":{"name":"api"},"message":"\u001b[90m> \u001b[39m Payment request recieved  63300"}}
[debug] [2020-12-03T05:21:48.260Z] [runtime-status] [10080] Ephemeral server survived. {"metadata":{"emulator":{"name":"functions"},"function":{"name":"api"},"message":"[runtime-status] [10080] Ephemeral server survived."}}
[info] i  functions: Finished "api" in ~1s {"metadata":{"emulator":{"name":"functions"},"function":{"name":"api"},"message":"Finished \"api\" in ~1s"}}
[debug] [2020-12-03T05:21:48.661Z] [worker-api-0e85fb52-f92e-4493-bce3-90979c388a58]: IDLE {"metadata":{"emulator":{"name":"functions"},"message":"[worker-api-0e85fb52-f92e-4493-bce3-90979c388a58]: IDLE"}}
[debug] [2020-12-03T05:21:48.663Z] [work-queue] {"queueLength":0,"workRunningCount":0}
[debug] [2020-12-03T06:33:26.438Z] [work-queue] {"queueLength":1,"workRunningCount":0}
[debug] [2020-12-03T06:33:26.439Z] [work-queue] {"queueLength":0,"workRunningCount":1}
[debug] [2020-12-03T06:33:26.439Z] Accepted request POST /br-bookaholic/us-central1/api/payments/create?total=142530 --> api
[debug] [2020-12-03T06:33:26.439Z] [worker-pool] submitWork(triggerId=api) {"metadata":{"emulator":{"name":"functions"},"message":"[worker-pool] submitWork(triggerId=api)"}}
[debug] [2020-12-03T06:33:26.440Z] [worker-api-0e85fb52-f92e-4493-bce3-90979c388a58]: Assigning socketPath: \\?\pipe\C:\Users\sabbi\OneDrive\Desktop\Be-Bookaholic\functions\10080 {"metadata":{"emulator":{"name":"functions"},"message":"[worker-api-0e85fb52-f92e-4493-bce3-90979c388a58]: Assigning socketPath: \\\\?\\pipe\\C:\\Users\\sabbi\\OneDrive\\Desktop\\Be-Bookaholic\\functions\\10080"}}
[debug] [2020-12-03T06:33:26.441Z] [worker-api-0e85fb52-f92e-4493-bce3-90979c388a58]: BUSY {"metadata":{"emulator":{"name":"functions"},"message":"[worker-api-0e85fb52-f92e-4493-bce3-90979c388a58]: BUSY"}}
[debug] [2020-12-03T06:33:26.444Z] [runtime-status] [10080] Trigger "api" has been found, beginning invocation! {"metadata":{"emulator":{"name":"functions"},"function":{"name":"api"},"message":"[runtime-status] [10080] Trigger \"api\" has been found, beginning invocation!"}}
[info] i  functions: Beginning execution of "api" {"metadata":{"emulator":{"name":"functions"},"function":{"name":"api"},"message":"Beginning execution of \"api\""}}
[debug] [2020-12-03T06:33:26.455Z] [runtime-status] [10080] triggerDefinition {"httpsTrigger":{},"name":"api","entryPoint":"api"} {"metadata":{"emulator":{"name":"functions"},"function":{"name":"api"},"message":"[runtime-status] [10080] triggerDefinition {\"httpsTrigger\":{},\"name\":\"api\",\"entryPoint\":\"api\"}"}}
[debug] [2020-12-03T06:33:26.456Z] [runtime-status] [10080] Running api in mode HTTPS {"metadata":{"emulator":{"name":"functions"},"function":{"name":"api"},"message":"[runtime-status] [10080] Running api in mode HTTPS"}}
[debug] [2020-12-03T06:33:26.456Z] [runtime-status] [10080] Attempting to listen to socketPath: \\?\pipe\C:\Users\sabbi\OneDrive\Desktop\Be-Bookaholic\functions\10080 {"metadata":{"emulator":{"name":"functions"},"function":{"name":"api"},"message":"[runtime-status] [10080] Attempting to listen to socketPath: \\\\?\\pipe\\C:\\Users\\sabbi\\OneDrive\\Desktop\\Be-Bookaholic\\functions\\10080"}}
[debug] [2020-12-03T06:33:26.461Z] [functions] Runtime ready! Sending request! {"metadata":{"emulator":{"name":"functions"},"message":"[functions] Runtime ready! Sending request!"}}
[debug] [2020-12-03T06:33:26.465Z] [runtime-status] [10080] Ephemeral server handling POST request {"metadata":{"emulator":{"name":"functions"},"function":{"name":"api"},"message":"[runtime-status] [10080] Ephemeral server handling POST request"}}
[info] >  Payment request recieved  142530 {"user":"Payment request recieved  142530","metadata":{"emulator":{"name":"functions"},"function":{"name":"api"},"message":"\u001b[90m> \u001b[39m Payment request recieved  142530"}}
[debug] [2020-12-03T06:33:26.472Z] [runtime-status] [10080] Ephemeral server survived. {"metadata":{"emulator":{"name":"functions"},"function":{"name":"api"},"message":"[runtime-status] [10080] Ephemeral server survived."}}
[info] i  functions: Finished "api" in ~1s {"metadata":{"emulator":{"name":"functions"},"function":{"name":"api"},"message":"Finished \"api\" in ~1s"}}
[debug] [2020-12-03T06:33:27.124Z] [worker-api-0e85fb52-f92e-4493-bce3-90979c388a58]: IDLE {"metadata":{"emulator":{"name":"functions"},"message":"[worker-api-0e85fb52-f92e-4493-bce3-90979c388a58]: IDLE"}}
[debug] [2020-12-03T06:33:27.127Z] [work-queue] {"queueLength":0,"workRunningCount":0}
[debug] [2020-12-03T06:33:35.901Z] [work-queue] {"queueLength":1,"workRunningCount":0}
[debug] [2020-12-03T06:33:35.902Z] [work-queue] {"queueLength":0,"workRunningCount":1}
[debug] [2020-12-03T06:33:35.902Z] Accepted request POST /br-bookaholic/us-central1/api/payments/create?total=142530 --> api
[debug] [2020-12-03T06:33:35.902Z] [worker-pool] submitWork(triggerId=api) {"metadata":{"emulator":{"name":"functions"},"message":"[worker-pool] submitWork(triggerId=api)"}}
[debug] [2020-12-03T06:33:35.902Z] [worker-api-0e85fb52-f92e-4493-bce3-90979c388a58]: Assigning socketPath: \\?\pipe\C:\Users\sabbi\OneDrive\Desktop\Be-Bookaholic\functions\10080 {"metadata":{"emulator":{"name":"functions"},"message":"[worker-api-0e85fb52-f92e-4493-bce3-90979c388a58]: Assigning socketPath: \\\\?\\pipe\\C:\\Users\\sabbi\\OneDrive\\Desktop\\Be-Bookaholic\\functions\\10080"}}
[debug] [2020-12-03T06:33:35.903Z] [worker-api-0e85fb52-f92e-4493-bce3-90979c388a58]: BUSY {"metadata":{"emulator":{"name":"functions"},"message":"[worker-api-0e85fb52-f92e-4493-bce3-90979c388a58]: BUSY"}}
[debug] [2020-12-03T06:33:35.905Z] [runtime-status] [10080] Trigger "api" has been found, beginning invocation! {"metadata":{"emulator":{"name":"functions"},"function":{"name":"api"},"message":"[runtime-status] [10080] Trigger \"api\" has been found, beginning invocation!"}}
[info] i  functions: Beginning execution of "api" {"metadata":{"emulator":{"name":"functions"},"function":{"name":"api"},"message":"Beginning execution of \"api\""}}
[debug] [2020-12-03T06:33:35.922Z] [runtime-status] [10080] triggerDefinition {"httpsTrigger":{},"name":"api","entryPoint":"api"} {"metadata":{"emulator":{"name":"functions"},"function":{"name":"api"},"message":"[runtime-status] [10080] triggerDefinition {\"httpsTrigger\":{},\"name\":\"api\",\"entryPoint\":\"api\"}"}}
[debug] [2020-12-03T06:33:35.923Z] [runtime-status] [10080] Running api in mode HTTPS {"metadata":{"emulator":{"name":"functions"},"function":{"name":"api"},"message":"[runtime-status] [10080] Running api in mode HTTPS"}}
[debug] [2020-12-03T06:33:35.924Z] [runtime-status] [10080] Attempting to listen to socketPath: \\?\pipe\C:\Users\sabbi\OneDrive\Desktop\Be-Bookaholic\functions\10080 {"metadata":{"emulator":{"name":"functions"},"function":{"name":"api"},"message":"[runtime-status] [10080] Attempting to listen to socketPath: \\\\?\\pipe\\C:\\Users\\sabbi\\OneDrive\\Desktop\\Be-Bookaholic\\functions\\10080"}}
[debug] [2020-12-03T06:33:35.926Z] [functions] Runtime ready! Sending request! {"metadata":{"emulator":{"name":"functions"},"message":"[functions] Runtime ready! Sending request!"}}
[debug] [2020-12-03T06:33:35.934Z] [runtime-status] [10080] Ephemeral server handling POST request {"metadata":{"emulator":{"name":"functions"},"function":{"name":"api"},"message":"[runtime-status] [10080] Ephemeral server handling POST request"}}
[info] >  Payment request recieved  142530 {"user":"Payment request recieved  142530","metadata":{"emulator":{"name":"functions"},"function":{"name":"api"},"message":"\u001b[90m> \u001b[39m Payment request recieved  142530"}}
[debug] [2020-12-03T06:33:35.940Z] [runtime-status] [10080] Ephemeral server survived. {"metadata":{"emulator":{"name":"functions"},"function":{"name":"api"},"message":"[runtime-status] [10080] Ephemeral server survived."}}
[info] i  functions: Finished "api" in ~1s {"metadata":{"emulator":{"name":"functions"},"function":{"name":"api"},"message":"Finished \"api\" in ~1s"}}
[debug] [2020-12-03T06:33:36.338Z] [worker-api-0e85fb52-f92e-4493-bce3-90979c388a58]: IDLE {"metadata":{"emulator":{"name":"functions"},"message":"[worker-api-0e85fb52-f92e-4493-bce3-90979c388a58]: IDLE"}}
[debug] [2020-12-03T06:33:36.338Z] [work-queue] {"queueLength":0,"workRunningCount":0}
[debug] [2020-12-03T06:33:46.517Z] [work-queue] {"queueLength":1,"workRunningCount":0}
[debug] [2020-12-03T06:33:46.519Z] [work-queue] {"queueLength":0,"workRunningCount":1}
[debug] [2020-12-03T06:33:46.520Z] Accepted request POST /br-bookaholic/us-central1/api/payments/create?total=142530 --> api
[debug] [2020-12-03T06:33:46.520Z] [worker-pool] submitWork(triggerId=api) {"metadata":{"emulator":{"name":"functions"},"message":"[worker-pool] submitWork(triggerId=api)"}}
[debug] [2020-12-03T06:33:46.522Z] [worker-api-0e85fb52-f92e-4493-bce3-90979c388a58]: Assigning socketPath: \\?\pipe\C:\Users\sabbi\OneDrive\Desktop\Be-Bookaholic\functions\10080 {"metadata":{"emulator":{"name":"functions"},"message":"[worker-api-0e85fb52-f92e-4493-bce3-90979c388a58]: Assigning socketPath: \\\\?\\pipe\\C:\\Users\\sabbi\\OneDrive\\Desktop\\Be-Bookaholic\\functions\\10080"}}
[debug] [2020-12-03T06:33:46.522Z] [worker-api-0e85fb52-f92e-4493-bce3-90979c388a58]: BUSY {"metadata":{"emulator":{"name":"functions"},"message":"[worker-api-0e85fb52-f92e-4493-bce3-90979c388a58]: BUSY"}}
[debug] [2020-12-03T06:33:46.526Z] [runtime-status] [10080] Trigger "api" has been found, beginning invocation! {"metadata":{"emulator":{"name":"functions"},"function":{"name":"api"},"message":"[runtime-status] [10080] Trigger \"api\" has been found, beginning invocation!"}}
[info] i  functions: Beginning execution of "api" {"metadata":{"emulator":{"name":"functions"},"function":{"name":"api"},"message":"Beginning execution of \"api\""}}
[debug] [2020-12-03T06:33:46.543Z] [runtime-status] [10080] triggerDefinition {"httpsTrigger":{},"name":"api","entryPoint":"api"} {"metadata":{"emulator":{"name":"functions"},"function":{"name":"api"},"message":"[runtime-status] [10080] triggerDefinition {\"httpsTrigger\":{},\"name\":\"api\",\"entryPoint\":\"api\"}"}}
[debug] [2020-12-03T06:33:46.547Z] [runtime-status] [10080] Running api in mode HTTPS {"metadata":{"emulator":{"name":"functions"},"function":{"name":"api"},"message":"[runtime-status] [10080] Running api in mode HTTPS"}}
[debug] [2020-12-03T06:33:46.548Z] [runtime-status] [10080] Attempting to listen to socketPath: \\?\pipe\C:\Users\sabbi\OneDrive\Desktop\Be-Bookaholic\functions\10080 {"metadata":{"emulator":{"name":"functions"},"function":{"name":"api"},"message":"[runtime-status] [10080] Attempting to listen to socketPath: \\\\?\\pipe\\C:\\Users\\sabbi\\OneDrive\\Desktop\\Be-Bookaholic\\functions\\10080"}}
[debug] [2020-12-03T06:33:46.549Z] [functions] Runtime ready! Sending request! {"metadata":{"emulator":{"name":"functions"},"message":"[functions] Runtime ready! Sending request!"}}
[debug] [2020-12-03T06:33:46.551Z] [runtime-status] [10080] Ephemeral server handling POST request {"metadata":{"emulator":{"name":"functions"},"function":{"name":"api"},"message":"[runtime-status] [10080] Ephemeral server handling POST request"}}
[info] >  Payment request recieved  142530 {"user":"Payment request recieved  142530","metadata":{"emulator":{"name":"functions"},"function":{"name":"api"},"message":"\u001b[90m> \u001b[39m Payment request recieved  142530"}}
[debug] [2020-12-03T06:33:46.555Z] [runtime-status] [10080] Ephemeral server survived. {"metadata":{"emulator":{"name":"functions"},"function":{"name":"api"},"message":"[runtime-status] [10080] Ephemeral server survived."}}
[info] i  functions: Finished "api" in ~1s {"metadata":{"emulator":{"name":"functions"},"function":{"name":"api"},"message":"Finished \"api\" in ~1s"}}
[debug] [2020-12-03T06:33:46.958Z] [worker-api-0e85fb52-f92e-4493-bce3-90979c388a58]: IDLE {"metadata":{"emulator":{"name":"functions"},"message":"[worker-api-0e85fb52-f92e-4493-bce3-90979c388a58]: IDLE"}}
[debug] [2020-12-03T06:33:46.958Z] [work-queue] {"queueLength":0,"workRunningCount":0}
[debug] [2020-12-03T06:37:23.988Z] [work-queue] {"queueLength":1,"workRunningCount":0}
[debug] [2020-12-03T06:37:23.988Z] [work-queue] {"queueLength":0,"workRunningCount":1}
[debug] [2020-12-03T06:37:23.989Z] Accepted request POST /br-bookaholic/us-central1/api/payments/create?total=58800 --> api
[debug] [2020-12-03T06:37:23.989Z] [worker-pool] submitWork(triggerId=api) {"metadata":{"emulator":{"name":"functions"},"message":"[worker-pool] submitWork(triggerId=api)"}}
[debug] [2020-12-03T06:37:23.990Z] [worker-api-0e85fb52-f92e-4493-bce3-90979c388a58]: Assigning socketPath: \\?\pipe\C:\Users\sabbi\OneDrive\Desktop\Be-Bookaholic\functions\10080 {"metadata":{"emulator":{"name":"functions"},"message":"[worker-api-0e85fb52-f92e-4493-bce3-90979c388a58]: Assigning socketPath: \\\\?\\pipe\\C:\\Users\\sabbi\\OneDrive\\Desktop\\Be-Bookaholic\\functions\\10080"}}
[debug] [2020-12-03T06:37:23.991Z] [worker-api-0e85fb52-f92e-4493-bce3-90979c388a58]: BUSY {"metadata":{"emulator":{"name":"functions"},"message":"[worker-api-0e85fb52-f92e-4493-bce3-90979c388a58]: BUSY"}}
[debug] [2020-12-03T06:37:23.992Z] [runtime-status] [10080] Trigger "api" has been found, beginning invocation! {"metadata":{"emulator":{"name":"functions"},"function":{"name":"api"},"message":"[runtime-status] [10080] Trigger \"api\" has been found, beginning invocation!"}}
[info] i  functions: Beginning execution of "api" {"metadata":{"emulator":{"name":"functions"},"function":{"name":"api"},"message":"Beginning execution of \"api\""}}
[debug] [2020-12-03T06:37:23.997Z] [runtime-status] [10080] triggerDefinition {"httpsTrigger":{},"name":"api","entryPoint":"api"} {"metadata":{"emulator":{"name":"functions"},"function":{"name":"api"},"message":"[runtime-status] [10080] triggerDefinition {\"httpsTrigger\":{},\"name\":\"api\",\"entryPoint\":\"api\"}"}}
[debug] [2020-12-03T06:37:23.998Z] [runtime-status] [10080] Running api in mode HTTPS {"metadata":{"emulator":{"name":"functions"},"function":{"name":"api"},"message":"[runtime-status] [10080] Running api in mode HTTPS"}}
[debug] [2020-12-03T06:37:23.998Z] [runtime-status] [10080] Attempting to listen to socketPath: \\?\pipe\C:\Users\sabbi\OneDrive\Desktop\Be-Bookaholic\functions\10080 {"metadata":{"emulator":{"name":"functions"},"function":{"name":"api"},"message":"[runtime-status] [10080] Attempting to listen to socketPath: \\\\?\\pipe\\C:\\Users\\sabbi\\OneDrive\\Desktop\\Be-Bookaholic\\functions\\10080"}}
[debug] [2020-12-03T06:37:23.999Z] [functions] Runtime ready! Sending request! {"metadata":{"emulator":{"name":"functions"},"message":"[functions] Runtime ready! Sending request!"}}
[debug] [2020-12-03T06:37:24.004Z] [runtime-status] [10080] Ephemeral server handling POST request {"metadata":{"emulator":{"name":"functions"},"function":{"name":"api"},"message":"[runtime-status] [10080] Ephemeral server handling POST request"}}
[info] >  Payment request recieved  58800 {"user":"Payment request recieved  58800","metadata":{"emulator":{"name":"functions"},"function":{"name":"api"},"message":"\u001b[90m> \u001b[39m Payment request recieved  58800"}}
[debug] [2020-12-03T06:37:24.007Z] [runtime-status] [10080] Ephemeral server survived. {"metadata":{"emulator":{"name":"functions"},"function":{"name":"api"},"message":"[runtime-status] [10080] Ephemeral server survived."}}
[info] i  functions: Finished "api" in ~1s {"metadata":{"emulator":{"name":"functions"},"function":{"name":"api"},"message":"Finished \"api\" in ~1s"}}
[debug] [2020-12-03T06:37:24.900Z] [worker-api-0e85fb52-f92e-4493-bce3-90979c388a58]: IDLE {"metadata":{"emulator":{"name":"functions"},"message":"[worker-api-0e85fb52-f92e-4493-bce3-90979c388a58]: IDLE"}}
[debug] [2020-12-03T06:37:24.902Z] [work-queue] {"queueLength":0,"workRunningCount":0}
[debug] [2020-12-03T06:38:12.879Z] [work-queue] {"queueLength":1,"workRunningCount":0}
[debug] [2020-12-03T06:38:12.880Z] [work-queue] {"queueLength":0,"workRunningCount":1}
[debug] [2020-12-03T06:38:12.880Z] Accepted request POST /br-bookaholic/us-central1/api/payments/create?total=58800 --> api
[debug] [2020-12-03T06:38:12.880Z] [worker-pool] submitWork(triggerId=api) {"metadata":{"emulator":{"name":"functions"},"message":"[worker-pool] submitWork(triggerId=api)"}}
[debug] [2020-12-03T06:38:12.881Z] [worker-api-0e85fb52-f92e-4493-bce3-90979c388a58]: Assigning socketPath: \\?\pipe\C:\Users\sabbi\OneDrive\Desktop\Be-Bookaholic\functions\10080 {"metadata":{"emulator":{"name":"functions"},"message":"[worker-api-0e85fb52-f92e-4493-bce3-90979c388a58]: Assigning socketPath: \\\\?\\pipe\\C:\\Users\\sabbi\\OneDrive\\Desktop\\Be-Bookaholic\\functions\\10080"}}
[debug] [2020-12-03T06:38:12.881Z] [worker-api-0e85fb52-f92e-4493-bce3-90979c388a58]: BUSY {"metadata":{"emulator":{"name":"functions"},"message":"[worker-api-0e85fb52-f92e-4493-bce3-90979c388a58]: BUSY"}}
[debug] [2020-12-03T06:38:12.885Z] [runtime-status] [10080] Trigger "api" has been found, beginning invocation! {"metadata":{"emulator":{"name":"functions"},"function":{"name":"api"},"message":"[runtime-status] [10080] Trigger \"api\" has been found, beginning invocation!"}}
[info] i  functions: Beginning execution of "api" {"metadata":{"emulator":{"name":"functions"},"function":{"name":"api"},"message":"Beginning execution of \"api\""}}
[debug] [2020-12-03T06:38:12.888Z] [runtime-status] [10080] triggerDefinition {"httpsTrigger":{},"name":"api","entryPoint":"api"} {"metadata":{"emulator":{"name":"functions"},"function":{"name":"api"},"message":"[runtime-status] [10080] triggerDefinition {\"httpsTrigger\":{},\"name\":\"api\",\"entryPoint\":\"api\"}"}}
[debug] [2020-12-03T06:38:12.889Z] [runtime-status] [10080] Running api in mode HTTPS {"metadata":{"emulator":{"name":"functions"},"function":{"name":"api"},"message":"[runtime-status] [10080] Running api in mode HTTPS"}}
[debug] [2020-12-03T06:38:12.889Z] [runtime-status] [10080] Attempting to listen to socketPath: \\?\pipe\C:\Users\sabbi\OneDrive\Desktop\Be-Bookaholic\functions\10080 {"metadata":{"emulator":{"name":"functions"},"function":{"name":"api"},"message":"[runtime-status] [10080] Attempting to listen to socketPath: \\\\?\\pipe\\C:\\Users\\sabbi\\OneDrive\\Desktop\\Be-Bookaholic\\functions\\10080"}}
[debug] [2020-12-03T06:38:12.891Z] [functions] Runtime ready! Sending request! {"metadata":{"emulator":{"name":"functions"},"message":"[functions] Runtime ready! Sending request!"}}
[debug] [2020-12-03T06:38:12.894Z] [runtime-status] [10080] Ephemeral server handling POST request {"metadata":{"emulator":{"name":"functions"},"function":{"name":"api"},"message":"[runtime-status] [10080] Ephemeral server handling POST request"}}
[info] >  Payment request recieved  58800 {"user":"Payment request recieved  58800","metadata":{"emulator":{"name":"functions"},"function":{"name":"api"},"message":"\u001b[90m> \u001b[39m Payment request recieved  58800"}}
[debug] [2020-12-03T06:38:12.897Z] [runtime-status] [10080] Ephemeral server survived. {"metadata":{"emulator":{"name":"functions"},"function":{"name":"api"},"message":"[runtime-status] [10080] Ephemeral server survived."}}
[info] i  functions: Finished "api" in ~1s {"metadata":{"emulator":{"name":"functions"},"function":{"name":"api"},"message":"Finished \"api\" in ~1s"}}
[debug] [2020-12-03T06:38:13.285Z] [worker-api-0e85fb52-f92e-4493-bce3-90979c388a58]: IDLE {"metadata":{"emulator":{"name":"functions"},"message":"[worker-api-0e85fb52-f92e-4493-bce3-90979c388a58]: IDLE"}}
[debug] [2020-12-03T06:38:13.285Z] [work-queue] {"queueLength":0,"workRunningCount":0}
[debug] [2020-12-03T06:41:33.275Z] [work-queue] {"queueLength":1,"workRunningCount":0}
[debug] [2020-12-03T06:41:33.275Z] [work-queue] {"queueLength":0,"workRunningCount":1}
[debug] [2020-12-03T06:41:33.276Z] Accepted request POST /br-bookaholic/us-central1/api/payments/create?total=58800 --> api
[debug] [2020-12-03T06:41:33.276Z] [worker-pool] submitWork(triggerId=api) {"metadata":{"emulator":{"name":"functions"},"message":"[worker-pool] submitWork(triggerId=api)"}}
[debug] [2020-12-03T06:41:33.277Z] [worker-api-0e85fb52-f92e-4493-bce3-90979c388a58]: Assigning socketPath: \\?\pipe\C:\Users\sabbi\OneDrive\Desktop\Be-Bookaholic\functions\10080 {"metadata":{"emulator":{"name":"functions"},"message":"[worker-api-0e85fb52-f92e-4493-bce3-90979c388a58]: Assigning socketPath: \\\\?\\pipe\\C:\\Users\\sabbi\\OneDrive\\Desktop\\Be-Bookaholic\\functions\\10080"}}
[debug] [2020-12-03T06:41:33.277Z] [worker-api-0e85fb52-f92e-4493-bce3-90979c388a58]: BUSY {"metadata":{"emulator":{"name":"functions"},"message":"[worker-api-0e85fb52-f92e-4493-bce3-90979c388a58]: BUSY"}}
[debug] [2020-12-03T06:41:33.281Z] [runtime-status] [10080] Trigger "api" has been found, beginning invocation! {"metadata":{"emulator":{"name":"functions"},"function":{"name":"api"},"message":"[runtime-status] [10080] Trigger \"api\" has been found, beginning invocation!"}}
[info] i  functions: Beginning execution of "api" {"metadata":{"emulator":{"name":"functions"},"function":{"name":"api"},"message":"Beginning execution of \"api\""}}
[debug] [2020-12-03T06:41:33.285Z] [runtime-status] [10080] triggerDefinition {"httpsTrigger":{},"name":"api","entryPoint":"api"} {"metadata":{"emulator":{"name":"functions"},"function":{"name":"api"},"message":"[runtime-status] [10080] triggerDefinition {\"httpsTrigger\":{},\"name\":\"api\",\"entryPoint\":\"api\"}"}}
[debug] [2020-12-03T06:41:33.286Z] [runtime-status] [10080] Running api in mode HTTPS {"metadata":{"emulator":{"name":"functions"},"function":{"name":"api"},"message":"[runtime-status] [10080] Running api in mode HTTPS"}}
[debug] [2020-12-03T06:41:33.289Z] [runtime-status] [10080] Attempting to listen to socketPath: \\?\pipe\C:\Users\sabbi\OneDrive\Desktop\Be-Bookaholic\functions\10080 {"metadata":{"emulator":{"name":"functions"},"function":{"name":"api"},"message":"[runtime-status] [10080] Attempting to listen to socketPath: \\\\?\\pipe\\C:\\Users\\sabbi\\OneDrive\\Desktop\\Be-Bookaholic\\functions\\10080"}}
[debug] [2020-12-03T06:41:33.291Z] [functions] Runtime ready! Sending request! {"metadata":{"emulator":{"name":"functions"},"message":"[functions] Runtime ready! Sending request!"}}
[debug] [2020-12-03T06:41:33.295Z] [runtime-status] [10080] Ephemeral server handling POST request {"metadata":{"emulator":{"name":"functions"},"function":{"name":"api"},"message":"[runtime-status] [10080] Ephemeral server handling POST request"}}
[info] >  Payment request recieved  58800 {"user":"Payment request recieved  58800","metadata":{"emulator":{"name":"functions"},"function":{"name":"api"},"message":"\u001b[90m> \u001b[39m Payment request recieved  58800"}}
[debug] [2020-12-03T06:41:33.305Z] [runtime-status] [10080] Ephemeral server survived. {"metadata":{"emulator":{"name":"functions"},"function":{"name":"api"},"message":"[runtime-status] [10080] Ephemeral server survived."}}
[info] i  functions: Finished "api" in ~1s {"metadata":{"emulator":{"name":"functions"},"function":{"name":"api"},"message":"Finished \"api\" in ~1s"}}
[debug] [2020-12-03T06:41:34.003Z] [worker-api-0e85fb52-f92e-4493-bce3-90979c388a58]: IDLE {"metadata":{"emulator":{"name":"functions"},"message":"[worker-api-0e85fb52-f92e-4493-bce3-90979c388a58]: IDLE"}}
[debug] [2020-12-03T06:41:34.004Z] [work-queue] {"queueLength":0,"workRunningCount":0}
[debug] [2020-12-03T06:41:41.823Z] [work-queue] {"queueLength":1,"workRunningCount":0}
[debug] [2020-12-03T06:41:41.824Z] [work-queue] {"queueLength":0,"workRunningCount":1}
[debug] [2020-12-03T06:41:41.824Z] Accepted request POST /br-bookaholic/us-central1/api/payments/create?total=58800 --> api
[debug] [2020-12-03T06:41:41.825Z] [worker-pool] submitWork(triggerId=api) {"metadata":{"emulator":{"name":"functions"},"message":"[worker-pool] submitWork(triggerId=api)"}}
[debug] [2020-12-03T06:41:41.825Z] [worker-api-0e85fb52-f92e-4493-bce3-90979c388a58]: Assigning socketPath: \\?\pipe\C:\Users\sabbi\OneDrive\Desktop\Be-Bookaholic\functions\10080 {"metadata":{"emulator":{"name":"functions"},"message":"[worker-api-0e85fb52-f92e-4493-bce3-90979c388a58]: Assigning socketPath: \\\\?\\pipe\\C:\\Users\\sabbi\\OneDrive\\Desktop\\Be-Bookaholic\\functions\\10080"}}
[debug] [2020-12-03T06:41:41.825Z] [worker-api-0e85fb52-f92e-4493-bce3-90979c388a58]: BUSY {"metadata":{"emulator":{"name":"functions"},"message":"[worker-api-0e85fb52-f92e-4493-bce3-90979c388a58]: BUSY"}}
[debug] [2020-12-03T06:41:41.827Z] [runtime-status] [10080] Trigger "api" has been found, beginning invocation! {"metadata":{"emulator":{"name":"functions"},"function":{"name":"api"},"message":"[runtime-status] [10080] Trigger \"api\" has been found, beginning invocation!"}}
[info] i  functions: Beginning execution of "api" {"metadata":{"emulator":{"name":"functions"},"function":{"name":"api"},"message":"Beginning execution of \"api\""}}
[debug] [2020-12-03T06:41:41.873Z] [runtime-status] [10080] triggerDefinition {"httpsTrigger":{},"name":"api","entryPoint":"api"} {"metadata":{"emulator":{"name":"functions"},"function":{"name":"api"},"message":"[runtime-status] [10080] triggerDefinition {\"httpsTrigger\":{},\"name\":\"api\",\"entryPoint\":\"api\"}"}}
[debug] [2020-12-03T06:41:41.874Z] [runtime-status] [10080] Running api in mode HTTPS {"metadata":{"emulator":{"name":"functions"},"function":{"name":"api"},"message":"[runtime-status] [10080] Running api in mode HTTPS"}}
[debug] [2020-12-03T06:41:41.874Z] [runtime-status] [10080] Attempting to listen to socketPath: \\?\pipe\C:\Users\sabbi\OneDrive\Desktop\Be-Bookaholic\functions\10080 {"metadata":{"emulator":{"name":"functions"},"function":{"name":"api"},"message":"[runtime-status] [10080] Attempting to listen to socketPath: \\\\?\\pipe\\C:\\Users\\sabbi\\OneDrive\\Desktop\\Be-Bookaholic\\functions\\10080"}}
[debug] [2020-12-03T06:41:41.875Z] [functions] Runtime ready! Sending request! {"metadata":{"emulator":{"name":"functions"},"message":"[functions] Runtime ready! Sending request!"}}
[debug] [2020-12-03T06:41:41.877Z] [runtime-status] [10080] Ephemeral server handling POST request {"metadata":{"emulator":{"name":"functions"},"function":{"name":"api"},"message":"[runtime-status] [10080] Ephemeral server handling POST request"}}
[info] >  Payment request recieved  58800 {"user":"Payment request recieved  58800","metadata":{"emulator":{"name":"functions"},"function":{"name":"api"},"message":"\u001b[90m> \u001b[39m Payment request recieved  58800"}}
[debug] [2020-12-03T06:41:41.892Z] [runtime-status] [10080] Ephemeral server survived. {"metadata":{"emulator":{"name":"functions"},"function":{"name":"api"},"message":"[runtime-status] [10080] Ephemeral server survived."}}
[info] i  functions: Finished "api" in ~1s {"metadata":{"emulator":{"name":"functions"},"function":{"name":"api"},"message":"Finished \"api\" in ~1s"}}
[debug] [2020-12-03T06:41:42.323Z] [worker-api-0e85fb52-f92e-4493-bce3-90979c388a58]: IDLE {"metadata":{"emulator":{"name":"functions"},"message":"[worker-api-0e85fb52-f92e-4493-bce3-90979c388a58]: IDLE"}}
[debug] [2020-12-03T06:41:42.323Z] [work-queue] {"queueLength":0,"workRunningCount":0}
[debug] [2020-12-03T06:47:20.017Z] [worker-api-0e85fb52-f92e-4493-bce3-90979c388a58]: exited {"metadata":{"emulator":{"name":"functions"},"message":"[worker-api-0e85fb52-f92e-4493-bce3-90979c388a58]: exited"}}
[debug] [2020-12-03T06:47:20.018Z] [worker-api-0e85fb52-f92e-4493-bce3-90979c388a58]: FINISHED {"metadata":{"emulator":{"name":"functions"},"message":"[worker-api-0e85fb52-f92e-4493-bce3-90979c388a58]: FINISHED"}}
[debug] [2020-12-03T06:47:20.027Z] Received signal SIGHUP 1
